#-----------------------------------------------------------
# Vivado v2018.2 (64-bit)
# SW Build 2258646 on Thu Jun 14 20:03:12 MDT 2018
# IP Build 2256618 on Thu Jun 14 22:10:49 MDT 2018
# Start of session at: Sun Dec 17 01:26:53 2023
# Process ID: 21536
# Current directory: E:/FYP/FPGA_XILINX 2/BRAM_Using IP
# Command line: vivado.exe -gui_launcher_event rodinguilauncherevent23528 E:\FYP\FPGA_XILINX 2\BRAM_Using IP\BRAM_Using IP.xpr
# Log file: E:/FYP/FPGA_XILINX 2/BRAM_Using IP/vivado.log
# Journal file: E:/FYP/FPGA_XILINX 2/BRAM_Using IP\vivado.jou
#-----------------------------------------------------------
start_gui
open_project {E:/FYP/FPGA_XILINX 2/BRAM_Using IP/BRAM_Using IP.xpr}
Scanning sources...
Finished scanning sources
INFO: [IP_Flow 19-234] Refreshing IP repositories
INFO: [IP_Flow 19-1704] No user IP repositories specified
INFO: [IP_Flow 19-2313] Loaded Vivado IP repository 'C:/Xilinx/Vivado/2018.2/data/ip'.
open_project: Time (s): cpu = 00:00:04 ; elapsed = 00:00:06 . Memory (MB): peak = 851.438 ; gain = 85.922
update_compile_order -fileset sources_1
INFO: [Device 21-403] Loading part xc7a100tcsg324-1
WARNING: [IP_Flow 19-4067] Ignoring invalid widget type specified checkbox.Providing a default widget
WARNING: [IP_Flow 19-4067] Ignoring invalid widget type specified checkbox.Providing a default widget
exit
INFO: [Common 17-206] Exiting Vivado at Sun Dec 17 01:28:34 2023...
