#-----------------------------------------------------------
# Vivado v2018.2 (64-bit)
# SW Build 2258646 on Thu Jun 14 20:03:12 MDT 2018
# IP Build 2256618 on Thu Jun 14 22:10:49 MDT 2018
# Start of session at: Mon Jun 12 14:59:37 2023
# Process ID: 14608
# Current directory: D:/Vivado Practice/Full Adder Using VIVADO Build In IP
# Command line: vivado.exe -gui_launcher_event rodinguilauncherevent23748 D:\Vivado Practice\Full Adder Using VIVADO Build In IP\Full Adder Using VIVADO BUILD IN IP.xpr
# Log file: D:/Vivado Practice/Full Adder Using VIVADO Build In IP/vivado.log
# Journal file: D:/Vivado Practice/Full Adder Using VIVADO Build In IP\vivado.jou
#-----------------------------------------------------------
start_gui
open_project {D:/Vivado Practice/Full Adder Using VIVADO Build In IP/Full Adder Using VIVADO BUILD IN IP.xpr}
Scanning sources...
Finished scanning sources
INFO: [IP_Flow 19-234] Refreshing IP repositories
INFO: [IP_Flow 19-1704] No user IP repositories specified
INFO: [IP_Flow 19-2313] Loaded Vivado IP repository 'C:/Xilinx/Vivado/2018.2/data/ip'.
open_project: Time (s): cpu = 00:00:07 ; elapsed = 00:00:12 . Memory (MB): peak = 882.852 ; gain = 143.648
update_compile_order -fileset sources_1
exit
INFO: [Common 17-206] Exiting Vivado at Wed Jun 14 21:06:57 2023...
