#-----------------------------------------------------------
# Vivado v2018.2 (64-bit)
# SW Build 2258646 on Thu Jun 14 20:03:12 MDT 2018
# IP Build 2256618 on Thu Jun 14 22:10:49 MDT 2018
# Start of session at: Thu Mar 30 22:02:35 2023
# Process ID: 15268
# Current directory: D:/Vivado Practice/Full Adder Using VIVADO BUILD IN IP
# Command line: vivado.exe -gui_launcher_event rodinguilauncherevent17828 D:\Vivado Practice\Full Adder Using VIVADO BUILD IN IP\Full Adder Using VIVADO BUILD IN IP.xpr
# Log file: D:/Vivado Practice/Full Adder Using VIVADO BUILD IN IP/vivado.log
# Journal file: D:/Vivado Practice/Full Adder Using VIVADO BUILD IN IP\vivado.jou
#-----------------------------------------------------------
start_gui
open_project {D:/Vivado Practice/Full Adder Using VIVADO BUILD IN IP/Full Adder Using VIVADO BUILD IN IP.xpr}
Scanning sources...
Finished scanning sources
INFO: [IP_Flow 19-234] Refreshing IP repositories
INFO: [IP_Flow 19-1704] No user IP repositories specified
INFO: [IP_Flow 19-2313] Loaded Vivado IP repository 'C:/Xilinx/Vivado/2018.2/data/ip'.
open_project: Time (s): cpu = 00:00:22 ; elapsed = 00:00:13 . Memory (MB): peak = 862.941 ; gain = 137.090
update_compile_order -fileset sources_1
close_project
exit
INFO: [Common 17-206] Exiting Vivado at Thu Mar 30 22:05:03 2023...
