#-----------------------------------------------------------
# Vivado v2018.2 (64-bit)
# SW Build 2258646 on Thu Jun 14 20:03:12 MDT 2018
# IP Build 2256618 on Thu Jun 14 22:10:49 MDT 2018
# Start of session at: Sun Aug 27 16:49:12 2023
# Process ID: 22868
# Current directory: E:/FYP/FPGA_XILINX 2/Full Adder Using VIVADO Build In IP
# Command line: vivado.exe -gui_launcher_event rodinguilauncherevent18248 E:\FYP\FPGA_XILINX 2\Full Adder Using VIVADO Build In IP\Full Adder Using VIVADO BUILD IN IP.xpr
# Log file: E:/FYP/FPGA_XILINX 2/Full Adder Using VIVADO Build In IP/vivado.log
# Journal file: E:/FYP/FPGA_XILINX 2/Full Adder Using VIVADO Build In IP\vivado.jou
#-----------------------------------------------------------
start_gui
open_project {E:/FYP/FPGA_XILINX 2/Full Adder Using VIVADO Build In IP/Full Adder Using VIVADO BUILD IN IP.xpr}
INFO: [Project 1-313] Project file moved from 'D:/Vivado Practice/Full Adder Using VIVADO Build In IP' since last save.
Scanning sources...
Finished scanning sources
INFO: [IP_Flow 19-234] Refreshing IP repositories
INFO: [IP_Flow 19-1704] No user IP repositories specified
INFO: [IP_Flow 19-2313] Loaded Vivado IP repository 'C:/Xilinx/Vivado/2018.2/data/ip'.
open_project: Time (s): cpu = 00:00:05 ; elapsed = 00:00:11 . Memory (MB): peak = 896.496 ; gain = 160.477
update_compile_order -fileset sources_1
exit
INFO: [Common 17-206] Exiting Vivado at Sun Aug 27 17:27:15 2023...
