Release 10.1 - xst K.31 (nt)
Copyright (c) 1995-2008 Xilinx, Inc.  All rights reserved.
--> Parameter TMPDIR set to E:/FYP/FPGA_XILINX 2/clock_divisor/xst/projnav.tmp


Total REAL time to Xst completion: 0.00 secs
Total CPU time to Xst completion: 0.17 secs
 
--> Parameter xsthdpdir set to E:/FYP/FPGA_XILINX 2/clock_divisor/xst


Total REAL time to Xst completion: 0.00 secs
Total CPU time to Xst completion: 0.17 secs
 
--> Reading design: clock_divisor.prj

TABLE OF CONTENTS
  1) Synthesis Options Summary
  2) HDL Compilation
  3) Design Hierarchy Analysis
  4) HDL Analysis
  5) HDL Synthesis
     5.1) HDL Synthesis Report
  6) Advanced HDL Synthesis
     6.1) Advanced HDL Synthesis Report
  7) Low Level Synthesis
  8) Partition Report
  9) Final Report
     9.1) Device utilization summary
     9.2) Partition Resource Summary
     9.3) TIMING REPORT


=========================================================================
*                      Synthesis Options Summary                        *
=========================================================================
---- Source Parameters
Input File Name                    : "clock_divisor.prj"
Input Format                       : mixed
Ignore Synthesis Constraint File   : NO

---- Target Parameters
Output File Name                   : "clock_divisor"
Output Format                      : NGC
Target Device                      : xc3s500e-4-fg320

---- Source Options
Top Module Name                    : clock_divisor
Automatic FSM Extraction           : YES
FSM Encoding Algorithm             : Auto
Safe Implementation                : No
FSM Style                          : lut
RAM Extraction                     : Yes
RAM Style                          : Auto
ROM Extraction                     : Yes
Mux Style                          : Auto
Decoder Extraction                 : YES
Priority Encoder Extraction        : YES
Shift Register Extraction          : YES
Logical Shifter Extraction         : YES
XOR Collapsing                     : YES
ROM Style                          : Auto
Mux Extraction                     : YES
Resource Sharing                   : YES
Asynchronous To Synchronous        : NO
Multiplier Style                   : auto
Automatic Register Balancing       : No

---- Target Options
Add IO Buffers                     : YES
Global Maximum Fanout              : 500
Add Generic Clock Buffer(BUFG)     : 24
Register Duplication               : YES
Slice Packing                      : YES
Optimize Instantiated Primitives   : NO
Use Clock Enable                   : Yes
Use Synchronous Set                : Yes
Use Synchronous Reset              : Yes
Pack IO Registers into IOBs        : auto
Equivalent register Removal        : YES

---- General Options
Optimization Goal                  : Speed
Optimization Effort                : 1
Library Search Order               : clock_divisor.lso
Keep Hierarchy                     : NO
Netlist Hierarchy                  : as_optimized
RTL Output                         : Yes
Global Optimization                : AllClockNets
Read Cores                         : YES
Write Timing Constraints           : NO
Cross Clock Analysis               : NO
Hierarchy Separator                : /
Bus Delimiter                      : <>
Case Specifier                     : maintain
Slice Utilization Ratio            : 100
BRAM Utilization Ratio             : 100
Verilog 2001                       : YES
Auto BRAM Packing                  : NO
Slice Utilization Ratio Delta      : 5

=========================================================================


=========================================================================
*                          HDL Compilation                              *
=========================================================================
Compiling verilog file "clock_divisor.v" in library work
Module <clock_divisor> compiled
No errors in compilation
Analysis of file <"clock_divisor.prj"> succeeded.
 

=========================================================================
*                     Design Hierarchy Analysis                         *
=========================================================================
Analyzing hierarchy for module <clock_divisor> in library <work> with parameters.
	divisor = "00000010111110101111000010000000"


=========================================================================
*                            HDL Analysis                               *
=========================================================================
Analyzing top module <clock_divisor>.
	divisor = 32'sb00000010111110101111000010000000
Module <clock_divisor> is correct for synthesis.
 

=========================================================================
*                           HDL Synthesis                               *
=========================================================================

Performing bidirectional port resolution...

Synthesizing Unit <clock_divisor>.
    Related source file is "clock_divisor.v".
    Found 28-bit comparator less for signal <clock_out$cmp_lt0000> created at line 14.
    Found 28-bit up counter for signal <counter>.
    Found 28-bit comparator greatequal for signal <counter$cmp_ge0000> created at line 11.
    Summary:
	inferred   1 Counter(s).
	inferred   2 Comparator(s).
Unit <clock_divisor> synthesized.


=========================================================================
HDL Synthesis Report

Macro Statistics
# Counters                                             : 1
 28-bit up counter                                     : 1
# Comparators                                          : 2
 28-bit comparator greatequal                          : 1
 28-bit comparator less                                : 1

=========================================================================

=========================================================================
*                       Advanced HDL Synthesis                          *
=========================================================================

Loading device for application Rf_Device from file '3s500e.nph' in environment D:\Xilinx\ISE.

=========================================================================
Advanced HDL Synthesis Report

Macro Statistics
# Counters                                             : 1
 28-bit up counter                                     : 1
# Comparators                                          : 2
 28-bit comparator greatequal                          : 1
 28-bit comparator less                                : 1

=========================================================================

=========================================================================
*                         Low Level Synthesis                           *
=========================================================================

Optimizing unit <clock_divisor> ...

Mapping all equations...
Building and optimizing final netlist ...
Found area constraint ratio of 100 (+ 5) on block clock_divisor, actual ratio is 0.

Final Macro Processing ...

=========================================================================
Final Register Report

Macro Statistics
# Registers                                            : 28
 Flip-Flops                                            : 28

=========================================================================

=========================================================================
*                           Partition Report                             *
=========================================================================

Partition Implementation Status
-------------------------------

  No Partitions were found in this design.

-------------------------------

=========================================================================
*                            Final Report                               *
=========================================================================
Final Results
RTL Top Level Output File Name     : clock_divisor.ngr
Top Level Output File Name         : clock_divisor
Output Format                      : NGC
Optimization Goal                  : Speed
Keep Hierarchy                     : NO

Design Statistics
# IOs                              : 2

Cell Usage :
# BELS                             : 132
#      GND                         : 1
#      INV                         : 8
#      LUT1                        : 34
#      LUT2                        : 1
#      LUT3                        : 2
#      LUT4                        : 7
#      MUXCY                       : 51
#      VCC                         : 1
#      XORCY                       : 27
# FlipFlops/Latches                : 28
#      FDR                         : 28
# Clock Buffers                    : 1
#      BUFGP                       : 1
# IO Buffers                       : 1
#      OBUF                        : 1
=========================================================================

Device utilization summary:
---------------------------

Selected Device : 3s500efg320-4 

 Number of Slices:                       28  out of   4656     0%  
 Number of Slice Flip Flops:             28  out of   9312     0%  
 Number of 4 input LUTs:                 52  out of   9312     0%  
 Number of IOs:                           2
 Number of bonded IOBs:                   2  out of    232     0%  
 Number of GCLKs:                         1  out of     24     4%  

---------------------------
Partition Resource Summary:
---------------------------

  No Partitions were found in this design.

---------------------------


=========================================================================
TIMING REPORT

NOTE: THESE TIMING NUMBERS ARE ONLY A SYNTHESIS ESTIMATE.
      FOR ACCURATE TIMING INFORMATION PLEASE REFER TO THE TRACE REPORT
      GENERATED AFTER PLACE-and-ROUTE.

Clock Information:
------------------
-----------------------------------+------------------------+-------+
Clock Signal                       | Clock buffer(FF name)  | Load  |
-----------------------------------+------------------------+-------+
clock_in                           | BUFGP                  | 28    |
-----------------------------------+------------------------+-------+

Asynchronous Control Signals Information:
----------------------------------------
No asynchronous control signals found in this design

Timing Summary:
---------------
Speed Grade: -4

   Minimum period: 5.533ns (Maximum Frequency: 180.735MHz)
   Minimum input arrival time before clock: No path found
   Maximum output required time after clock: 7.147ns
   Maximum combinational path delay: No path found

Timing Detail:
--------------
All values displayed in nanoseconds (ns)

=========================================================================
Timing constraint: Default period analysis for Clock 'clock_in'
  Clock period: 5.533ns (frequency: 180.735MHz)
  Total number of paths / destination ports: 1190 / 56
-------------------------------------------------------------------------
Delay:               5.533ns (Levels of Logic = 14)
  Source:            counter_0 (FF)
  Destination:       counter_0 (FF)
  Source Clock:      clock_in rising
  Destination Clock: clock_in rising

  Data Path: counter_0 to counter_0
                                Gate     Net
    Cell:in->out      fanout   Delay   Delay  Logical Name (Net Name)
    ----------------------------------------  ------------
     FDR:C->Q              2   0.591   0.622  counter_0 (counter_0)
     LUT4:I0->O            1   0.704   0.000  Mcompar_counter_cmp_ge0000_lut<0> (Mcompar_counter_cmp_ge0000_lut<0>)
     MUXCY:S->O            1   0.464   0.000  Mcompar_counter_cmp_ge0000_cy<0> (Mcompar_counter_cmp_ge0000_cy<0>)
     MUXCY:CI->O           1   0.059   0.000  Mcompar_counter_cmp_ge0000_cy<1> (Mcompar_counter_cmp_ge0000_cy<1>)
     MUXCY:CI->O           1   0.059   0.000  Mcompar_counter_cmp_ge0000_cy<2> (Mcompar_counter_cmp_ge0000_cy<2>)
     MUXCY:CI->O           1   0.059   0.000  Mcompar_counter_cmp_ge0000_cy<3> (Mcompar_counter_cmp_ge0000_cy<3>)
     MUXCY:CI->O           1   0.059   0.000  Mcompar_counter_cmp_ge0000_cy<4> (Mcompar_counter_cmp_ge0000_cy<4>)
     MUXCY:CI->O           1   0.059   0.000  Mcompar_counter_cmp_ge0000_cy<5> (Mcompar_counter_cmp_ge0000_cy<5>)
     MUXCY:CI->O           1   0.059   0.000  Mcompar_counter_cmp_ge0000_cy<6> (Mcompar_counter_cmp_ge0000_cy<6>)
     MUXCY:CI->O           1   0.059   0.000  Mcompar_counter_cmp_ge0000_cy<7> (Mcompar_counter_cmp_ge0000_cy<7>)
     MUXCY:CI->O           1   0.059   0.000  Mcompar_counter_cmp_ge0000_cy<8> (Mcompar_counter_cmp_ge0000_cy<8>)
     MUXCY:CI->O           1   0.059   0.000  Mcompar_counter_cmp_ge0000_cy<9> (Mcompar_counter_cmp_ge0000_cy<9>)
     MUXCY:CI->O           1   0.059   0.000  Mcompar_counter_cmp_ge0000_cy<10> (Mcompar_counter_cmp_ge0000_cy<10>)
     MUXCY:CI->O           1   0.059   0.000  Mcompar_counter_cmp_ge0000_cy<11> (Mcompar_counter_cmp_ge0000_cy<11>)
     MUXCY:CI->O          28   0.331   1.261  Mcompar_counter_cmp_ge0000_cy<12> (counter_cmp_ge0000)
     FDR:R                     0.911          counter_0
    ----------------------------------------
    Total                      5.533ns (3.650ns logic, 1.883ns route)
                                       (66.0% logic, 34.0% route)

=========================================================================
Timing constraint: Default OFFSET OUT AFTER for Clock 'clock_in'
  Total number of paths / destination ports: 22 / 1
-------------------------------------------------------------------------
Offset:              7.147ns (Levels of Logic = 13)
  Source:            counter_6 (FF)
  Destination:       clock_out (PAD)
  Source Clock:      clock_in rising

  Data Path: counter_6 to clock_out
                                Gate     Net
    Cell:in->out      fanout   Delay   Delay  Logical Name (Net Name)
    ----------------------------------------  ------------
     FDR:C->Q              3   0.591   0.706  counter_6 (counter_6)
     LUT1:I0->O            1   0.704   0.000  Mcompar_counter_cmp_ge0000_cy<0>_0_rt (Mcompar_counter_cmp_ge0000_cy<0>_0_rt)
     MUXCY:S->O            1   0.464   0.000  Mcompar_counter_cmp_ge0000_cy<0>_0 (Mcompar_counter_cmp_ge0000_cy<0>1)
     MUXCY:CI->O           1   0.059   0.000  Mcompar_counter_cmp_ge0000_cy<1>_0 (Mcompar_counter_cmp_ge0000_cy<1>1)
     MUXCY:CI->O           1   0.059   0.000  Mcompar_counter_cmp_ge0000_cy<2>_0 (Mcompar_counter_cmp_ge0000_cy<2>1)
     MUXCY:CI->O           1   0.059   0.000  Mcompar_counter_cmp_ge0000_cy<3>_0 (Mcompar_counter_cmp_ge0000_cy<3>1)
     MUXCY:CI->O           1   0.059   0.000  Mcompar_counter_cmp_ge0000_cy<4>_0 (Mcompar_counter_cmp_ge0000_cy<4>1)
     MUXCY:CI->O           1   0.059   0.000  Mcompar_counter_cmp_ge0000_cy<5>_0 (Mcompar_counter_cmp_ge0000_cy<5>1)
     MUXCY:CI->O           1   0.059   0.000  Mcompar_counter_cmp_ge0000_cy<6>_0 (Mcompar_counter_cmp_ge0000_cy<6>1)
     MUXCY:CI->O           1   0.059   0.000  Mcompar_counter_cmp_ge0000_cy<7>_0 (Mcompar_counter_cmp_ge0000_cy<7>1)
     MUXCY:CI->O           1   0.059   0.000  Mcompar_counter_cmp_ge0000_cy<8>_0 (Mcompar_counter_cmp_ge0000_cy<8>1)
     MUXCY:CI->O           1   0.059   0.000  Mcompar_counter_cmp_ge0000_cy<9>_0 (Mcompar_counter_cmp_ge0000_cy<9>1)
     MUXCY:CI->O           1   0.459   0.420  Mcompar_counter_cmp_ge0000_cy<10>_0 (Mcompar_counter_cmp_ge0000_cy<10>1)
     OBUF:I->O                 3.272          clock_out_OBUF (clock_out)
    ----------------------------------------
    Total                      7.147ns (6.021ns logic, 1.126ns route)
                                       (84.2% logic, 15.8% route)

=========================================================================


Total REAL time to Xst completion: 5.00 secs
Total CPU time to Xst completion: 5.17 secs
 
--> 

Total memory usage is 195016 kilobytes

Number of errors   :    0 (   0 filtered)
Number of warnings :    0 (   0 filtered)
Number of infos    :    0 (   0 filtered)

