20:11:47 INFO  : Registering command handlers for SDK TCF services
20:11:48 INFO  : Launching XSCT server: xsct.bat -interactive E:\FYP\Zybo\Program_Bin_File\Program_Bin_File.sdk\temp_xsdb_launch_script.tcl
20:11:51 INFO  : XSCT server has started successfully.
20:11:51 INFO  : Successfully done setting XSCT server connection channel  
20:11:52 INFO  : Successfully done setting SDK workspace  
20:11:52 INFO  : Processing command line option -hwspec E:/FYP/Zybo/Program_Bin_File/Program_Bin_File.sdk/My_Counter_wrapper.hdf.
21:49:11 INFO  : Invoking Bootgen: bootgen -image bin_file_bna_dy.bif -arch zynq -o E:\FYP\Zybo\Program_Bin_File\Program_Bin_File.sdk\bin_file_bna_dy\bootimage\BOOT.bin
21:49:11 INFO  : Creating new bif file E:\FYP\Zybo\Program_Bin_File\Program_Bin_File.sdk\bin_file_bna_dy\bootimage\bin_file_bna_dy.bif
21:49:13 INFO  : Bootgen command execution is done.
22:01:20 INFO  : Connected to target on host '127.0.0.1' and port '3121'.
22:01:20 INFO  : 'targets -set -filter {jtag_cable_name =~ "Digilent Zybo 210279772382A" && level==0} -index 1' command is executed.
22:01:21 INFO  : FPGA configured successfully with bitstream "E:/FYP/Zybo/Program_Bin_File/Program_Bin_File.sdk/My_Counter_wrapper_hw_platform_0/My_Counter_wrapper.bit"
22:34:33 INFO  : Invoking Bootgen: bootgen -image output.bif -arch zynq -o E:\FYP\Zybo\Program_Bin_File\Program_Bin_File.sdk\create_bsfl\Debug\BOOT.bin
22:34:33 INFO  : Creating new bif file E:\FYP\Zybo\Program_Bin_File\Program_Bin_File.sdk\create_bsfl\Debug\output.bif
22:34:35 INFO  : Bootgen command execution is done.
23:10:45 INFO  : Launching XSCT server: xsct.bat -interactive E:\FYP\Zybo\Program_Bin_File\Program_Bin_File.sdk\temp_xsdb_launch_script.tcl
23:10:48 INFO  : XSCT server has started successfully.
23:10:51 INFO  : Successfully done setting XSCT server connection channel  
23:10:51 INFO  : Successfully done setting SDK workspace  
23:11:00 INFO  : Registering command handlers for SDK TCF services
23:11:00 INFO  : Processing command line option -hwspec E:/FYP/Zybo/Program_Bin_File/Program_Bin_File.sdk/My_Counter_wrapper.hdf.
23:11:01 INFO  : Checking for hwspec changes in the project My_Counter_wrapper_hw_platform_0.
