Copyright 1986-2018 Xilinx, Inc. All Rights Reserved.
-------------------------------------------------------------------------------------------------
| Tool Version : Vivado v.2018.2 (win64) Build 2258646 Thu Jun 14 20:03:12 MDT 2018
| Date         : Thu Nov  9 17:23:06 2023
| Host         : DESKTOP-OLQ3HFT running 64-bit major release  (build 9200)
| Command      : report_control_sets -verbose -file Zybo_Counter_wrapper_control_sets_placed.rpt
| Design       : Zybo_Counter_wrapper
| Device       : xc7z010
-------------------------------------------------------------------------------------------------

Control Set Information

Table of Contents
-----------------
1. Summary
2. Histogram
3. Flip-Flop Distribution
4. Detailed Control Set Information

1. Summary
----------

+----------------------------------------------------------+-------+
|                          Status                          | Count |
+----------------------------------------------------------+-------+
| Number of unique control sets                            |    34 |
| Unused register locations in slices containing registers |    30 |
+----------------------------------------------------------+-------+


2. Histogram
------------

+--------+--------------+
| Fanout | Control Sets |
+--------+--------------+
|      4 |            1 |
|      8 |            9 |
|     10 |            1 |
|     12 |            1 |
|    16+ |           22 |
+--------+--------------+


3. Flip-Flop Distribution
-------------------------

+--------------+-----------------------+------------------------+-----------------+--------------+
| Clock Enable | Synchronous Set/Reset | Asynchronous Set/Reset | Total Registers | Total Slices |
+--------------+-----------------------+------------------------+-----------------+--------------+
| No           | No                    | No                     |             224 |           33 |
| No           | No                    | Yes                    |               0 |            0 |
| No           | Yes                   | No                     |             200 |           29 |
| Yes          | No                    | No                     |             668 |           85 |
| Yes          | No                    | Yes                    |               0 |            0 |
| Yes          | Yes                   | No                     |              86 |           14 |
+--------------+-----------------------+------------------------+-----------------+--------------+


4. Detailed Control Set Information
-----------------------------------

+-----------------------------------------------------+--------------------------------------------------------------------------------------------------------------------------------------------------------------------+------------------------------------------------------------------------------------------------------------------------------------------------+------------------+----------------+
|                     Clock Signal                    |                                                                            Enable Signal                                                                           |                                                                Set/Reset Signal                                                                | Slice Load Count | Bel Load Count |
+-----------------------------------------------------+--------------------------------------------------------------------------------------------------------------------------------------------------------------------+------------------------------------------------------------------------------------------------------------------------------------------------+------------------+----------------+
|  Zybo_Counter_i/processing_system7_0/inst/FCLK_CLK0 | Zybo_Counter_i/ps7_0_axi_periph/s00_couplers/auto_pc/inst/gen_axilite.gen_b2s_conv.axilite_b2s/WR.b_channel_0/bid_fifo_0/bresp_push                                |                                                                                                                                                |                1 |              4 |
|  Zybo_Counter_i/processing_system7_0/inst/FCLK_CLK0 |                                                                                                                                                                    | Zybo_Counter_i/axi_gpio_0/U0/AXI_LITE_IPIF_I/I_SLAVE_ATTACHMENT/clear                                                                          |                1 |              8 |
|  Zybo_Counter_i/processing_system7_0/inst/FCLK_CLK0 |                                                                                                                                                                    | Zybo_Counter_i/axi_gpio_0/U0/gpio_core_1/Read_Reg_Rst__0                                                                                       |                1 |              8 |
|  Zybo_Counter_i/processing_system7_0/inst/FCLK_CLK0 |                                                                                                                                                                    | Zybo_Counter_i/rst_ps7_0_100M/U0/EXT_LPF/lpf_int                                                                                               |                1 |              8 |
|  Zybo_Counter_i/processing_system7_0/inst/FCLK_CLK0 |                                                                                                                                                                    | Zybo_Counter_i/ps7_0_axi_periph/s00_couplers/auto_pc/inst/gen_axilite.gen_b2s_conv.axilite_b2s/SI_REG/ar.ar_pipe/m_valid_i_reg_0               |                3 |              8 |
|  Zybo_Counter_i/processing_system7_0/inst/FCLK_CLK0 |                                                                                                                                                                    | Zybo_Counter_i/ps7_0_axi_periph/s00_couplers/auto_pc/inst/gen_axilite.gen_b2s_conv.axilite_b2s/SI_REG/aw.aw_pipe/s_ready_i_reg_0               |                2 |              8 |
|  Zybo_Counter_i/processing_system7_0/inst/FCLK_CLK0 | Zybo_Counter_i/ps7_0_axi_periph/s00_couplers/auto_pc/inst/gen_axilite.gen_b2s_conv.axilite_b2s/WR.aw_channel_0/aw_cmd_fsm_0/axaddr_wrap_reg[11][0]                 | Zybo_Counter_i/ps7_0_axi_periph/s00_couplers/auto_pc/inst/gen_axilite.gen_b2s_conv.axilite_b2s/WR.aw_channel_0/aw_cmd_fsm_0/axlen_cnt_reg[7]_1 |                1 |              8 |
|  Zybo_Counter_i/processing_system7_0/inst/FCLK_CLK0 | Zybo_Counter_i/ps7_0_axi_periph/s00_couplers/auto_pc/inst/gen_axilite.gen_b2s_conv.axilite_b2s/RD.ar_channel_0/ar_cmd_fsm_0/E[0]                                   | Zybo_Counter_i/ps7_0_axi_periph/s00_couplers/auto_pc/inst/gen_axilite.gen_b2s_conv.axilite_b2s/RD.ar_channel_0/ar_cmd_fsm_0/axlen_cnt_reg[7]   |                2 |              8 |
|  Zybo_Counter_i/processing_system7_0/inst/FCLK_CLK0 | Zybo_Counter_i/axi_gpio_0/U0/AXI_LITE_IPIF_I/I_SLAVE_ATTACHMENT/bus2ip_addr_i[8]_i_1_n_0                                                                           | Zybo_Counter_i/axi_gpio_0/U0/AXI_LITE_IPIF_I/I_SLAVE_ATTACHMENT/SR[0]                                                                          |                2 |              8 |
|  Zybo_Counter_i/processing_system7_0/inst/FCLK_CLK0 | Zybo_Counter_i/axi_gpio_0/U0/AXI_LITE_IPIF_I/I_SLAVE_ATTACHMENT/start2                                                                                             | Zybo_Counter_i/axi_gpio_0/U0/AXI_LITE_IPIF_I/I_SLAVE_ATTACHMENT/I_DECODER/cs_ce_clr                                                            |                1 |              8 |
|  Zybo_Counter_i/processing_system7_0/inst/FCLK_CLK0 | Zybo_Counter_i/axi_gpio_0/U0/AXI_LITE_IPIF_I/I_SLAVE_ATTACHMENT/s_axi_rresp_i                                                                                      | Zybo_Counter_i/axi_gpio_0/U0/AXI_LITE_IPIF_I/I_SLAVE_ATTACHMENT/SR[0]                                                                          |                2 |             10 |
|  Zybo_Counter_i/processing_system7_0/inst/FCLK_CLK0 | Zybo_Counter_i/rst_ps7_0_100M/U0/SEQ/seq_cnt_en                                                                                                                    | Zybo_Counter_i/rst_ps7_0_100M/U0/SEQ/SEQ_COUNTER/clear                                                                                         |                1 |             12 |
|  Zybo_Counter_i/processing_system7_0/inst/FCLK_CLK0 | Zybo_Counter_i/ps7_0_axi_periph/s00_couplers/auto_pc/inst/gen_axilite.gen_b2s_conv.axilite_b2s/WR.b_channel_0/mhandshake_r                                         | Zybo_Counter_i/ps7_0_axi_periph/s00_couplers/auto_pc/inst/gen_axilite.gen_b2s_conv.axilite_b2s/WR.b_channel_0/bid_fifo_0/SR[0]                 |                4 |             16 |
|  Zybo_Counter_i/processing_system7_0/inst/FCLK_CLK0 | Zybo_Counter_i/axi_gpio_0/U0/AXI_LITE_IPIF_I/I_SLAVE_ATTACHMENT/I_DECODER/E[0]                                                                                     | Zybo_Counter_i/axi_gpio_0/U0/AXI_LITE_IPIF_I/I_SLAVE_ATTACHMENT/SR[0]                                                                          |                1 |             16 |
|  Zybo_Counter_i/processing_system7_0/inst/FCLK_CLK0 | Zybo_Counter_i/ps7_0_axi_periph/s00_couplers/auto_pc/inst/gen_axilite.gen_b2s_conv.axilite_b2s/WR.aw_channel_0/cmd_translator_0/incr_cmd_0/axaddr_incr[11]_i_1_n_0 |                                                                                                                                                |                2 |             24 |
|  Zybo_Counter_i/processing_system7_0/inst/FCLK_CLK0 | Zybo_Counter_i/ps7_0_axi_periph/s00_couplers/auto_pc/inst/gen_axilite.gen_b2s_conv.axilite_b2s/RD.ar_channel_0/ar_cmd_fsm_0/axaddr_incr_reg[0][0]                  |                                                                                                                                                |                4 |             24 |
|  Zybo_Counter_i/processing_system7_0/inst/FCLK_CLK0 | Zybo_Counter_i/ps7_0_axi_periph/s00_couplers/auto_pc/inst/gen_axilite.gen_b2s_conv.axilite_b2s/WR.aw_channel_0/aw_cmd_fsm_0/E[0]                                   |                                                                                                                                                |                6 |             24 |
|  Zybo_Counter_i/processing_system7_0/inst/FCLK_CLK0 | Zybo_Counter_i/ps7_0_axi_periph/s00_couplers/auto_pc/inst/gen_axilite.gen_b2s_conv.axilite_b2s/RD.ar_channel_0/ar_cmd_fsm_0/wrap_boundary_axaddr_r_reg[11][0]      |                                                                                                                                                |                4 |             24 |
|  Zybo_Counter_i/processing_system7_0/inst/FCLK_CLK0 | Zybo_Counter_i/ps7_0_axi_periph/s00_couplers/auto_pc/inst/gen_axilite.gen_b2s_conv.axilite_b2s/RD.r_channel_0/r_push_r                                             |                                                                                                                                                |                4 |             26 |
|  Zybo_Counter_i/processing_system7_0/inst/FCLK_CLK0 | Zybo_Counter_i/ps7_0_axi_periph/s00_couplers/auto_pc/inst/gen_axilite.gen_b2s_conv.axilite_b2s/SI_REG/b.b_pipe/p_1_in                                              |                                                                                                                                                |                3 |             28 |
|  Zybo_Counter_i/processing_system7_0/inst/FCLK_CLK0 | Zybo_Counter_i/ps7_0_axi_periph/s00_couplers/auto_pc/inst/gen_axilite.gen_b2s_conv.axilite_b2s/SI_REG/b.b_pipe/skid_buffer_reg[0]_0                                |                                                                                                                                                |                3 |             28 |
|  Zybo_Counter_i/processing_system7_0/inst/FCLK_CLK0 | Zybo_Counter_i/ps7_0_axi_periph/s00_couplers/auto_pc/inst/gen_axilite.gen_b2s_conv.axilite_b2s/WR.aw_channel_0/aw_cmd_fsm_0/b_push                                 |                                                                                                                                                |                3 |             32 |
|  Zybo_Counter_i/processing_system7_0/inst/FCLK_CLK0 |                                                                                                                                                                    | Zybo_Counter_i/axi_gpio_0/U0/AXI_LITE_IPIF_I/I_SLAVE_ATTACHMENT/SR[0]                                                                          |                7 |             40 |
|  Zybo_Counter_i/processing_system7_0/inst/FCLK_CLK0 | Zybo_Counter_i/ps7_0_axi_periph/s00_couplers/auto_pc/inst/gen_axilite.gen_b2s_conv.axilite_b2s/WR.aw_channel_0/aw_cmd_fsm_0/axaddr_wrap_reg[11][0]                 |                                                                                                                                                |                7 |             40 |
|  Zybo_Counter_i/processing_system7_0/inst/FCLK_CLK0 | Zybo_Counter_i/ps7_0_axi_periph/s00_couplers/auto_pc/inst/gen_axilite.gen_b2s_conv.axilite_b2s/RD.ar_channel_0/ar_cmd_fsm_0/E[0]                                   |                                                                                                                                                |                9 |             40 |
|  Zybo_Counter_i/processing_system7_0/inst/FCLK_CLK0 | Zybo_Counter_i/ps7_0_axi_periph/s00_couplers/auto_pc/inst/gen_axilite.gen_b2s_conv.axilite_b2s/RD.ar_channel_0/ar_cmd_fsm_0/m_payload_i_reg[0]_1[0]                |                                                                                                                                                |                6 |             64 |
|  Zybo_Counter_i/processing_system7_0/inst/FCLK_CLK0 | Zybo_Counter_i/ps7_0_axi_periph/s00_couplers/auto_pc/inst/gen_axilite.gen_b2s_conv.axilite_b2s/RD.r_channel_0/rd_data_fifo_0/wr_en0                                |                                                                                                                                                |                8 |             64 |
|  Zybo_Counter_i/processing_system7_0/inst/FCLK_CLK0 | Zybo_Counter_i/ps7_0_axi_periph/s00_couplers/auto_pc/inst/gen_axilite.gen_b2s_conv.axilite_b2s/SI_REG/ar.ar_pipe/s_axi_arready                                     |                                                                                                                                                |                6 |             64 |
|  Zybo_Counter_i/processing_system7_0/inst/FCLK_CLK0 | Zybo_Counter_i/ps7_0_axi_periph/s00_couplers/auto_pc/inst/gen_axilite.gen_b2s_conv.axilite_b2s/SI_REG/aw.aw_pipe/s_axi_awready                                     |                                                                                                                                                |                9 |             64 |
|  Zybo_Counter_i/processing_system7_0/inst/FCLK_CLK0 | Zybo_Counter_i/ps7_0_axi_periph/s00_couplers/auto_pc/inst/gen_axilite.gen_b2s_conv.axilite_b2s/WR.aw_channel_0/aw_cmd_fsm_0/m_payload_i_reg[0][0]                  |                                                                                                                                                |                8 |             64 |
|  Zybo_Counter_i/processing_system7_0/inst/FCLK_CLK0 | Zybo_Counter_i/ps7_0_axi_periph/s00_couplers/auto_pc/inst/gen_axilite.gen_b2s_conv.axilite_b2s/SI_REG/r.r_pipe/skid_buffer_reg[0]_0                                |                                                                                                                                                |                9 |             90 |
|  Zybo_Counter_i/processing_system7_0/inst/FCLK_CLK0 | Zybo_Counter_i/ps7_0_axi_periph/s00_couplers/auto_pc/inst/gen_axilite.gen_b2s_conv.axilite_b2s/SI_REG/r.r_pipe/p_1_in                                              |                                                                                                                                                |                9 |             90 |
|  Zybo_Counter_i/processing_system7_0/inst/FCLK_CLK0 |                                                                                                                                                                    | Zybo_Counter_i/ps7_0_axi_periph/s00_couplers/auto_pc/inst/gen_axilite.gen_b2s_conv.axilite_b2s/areset_d1                                       |               14 |            120 |
|  Zybo_Counter_i/processing_system7_0/inst/FCLK_CLK0 |                                                                                                                                                                    |                                                                                                                                                |               34 |            226 |
+-----------------------------------------------------+--------------------------------------------------------------------------------------------------------------------------------------------------------------------+------------------------------------------------------------------------------------------------------------------------------------------------+------------------+----------------+


