#-----------------------------------------------------------
# Vivado v2018.2 (64-bit)
# SW Build 2258646 on Thu Jun 14 20:03:12 MDT 2018
# IP Build 2256618 on Thu Jun 14 22:10:49 MDT 2018
# Start of session at: Mon Dec  4 08:29:25 2023
# Process ID: 34404
# Current directory: E:/FYP/FPGA_XILINX 2/ROM_Using_IP_With_MATLAB
# Command line: vivado.exe -gui_launcher_event rodinguilauncherevent17352 E:\FYP\FPGA_XILINX 2\ROM_Using_IP_With_MATLAB\ROM_Using_IP_With_MATLAB.xpr
# Log file: E:/FYP/FPGA_XILINX 2/ROM_Using_IP_With_MATLAB/vivado.log
# Journal file: E:/FYP/FPGA_XILINX 2/ROM_Using_IP_With_MATLAB\vivado.jou
#-----------------------------------------------------------
start_gui
open_project {E:/FYP/FPGA_XILINX 2/ROM_Using_IP_With_MATLAB/ROM_Using_IP_With_MATLAB.xpr}
Scanning sources...
Finished scanning sources
INFO: [IP_Flow 19-234] Refreshing IP repositories
INFO: [IP_Flow 19-1704] No user IP repositories specified
INFO: [IP_Flow 19-2313] Loaded Vivado IP repository 'C:/Xilinx/Vivado/2018.2/data/ip'.
open_project: Time (s): cpu = 00:00:16 ; elapsed = 00:00:22 . Memory (MB): peak = 849.668 ; gain = 107.309
update_compile_order -fileset sources_1
exit
INFO: [Common 17-206] Exiting Vivado at Mon Dec  4 14:28:03 2023...
