#-----------------------------------------------------------
# Vivado v2018.2 (64-bit)
# SW Build 2258646 on Thu Jun 14 20:03:12 MDT 2018
# IP Build 2256618 on Thu Jun 14 22:10:49 MDT 2018
# Start of session at: Tue Aug 20 10:37:47 2024
# Process ID: 17600
# Current directory: E:/FYP/FPGA_XILINX/NAND_Switch_Level
# Command line: vivado.exe -gui_launcher_event rodinguilauncherevent19856 E:\FYP\FPGA_XILINX\NAND_Switch_Level\NAND_Switch_Level.xpr
# Log file: E:/FYP/FPGA_XILINX/NAND_Switch_Level/vivado.log
# Journal file: E:/FYP/FPGA_XILINX/NAND_Switch_Level\vivado.jou
#-----------------------------------------------------------
start_gui
open_project E:/FYP/FPGA_XILINX/NAND_Switch_Level/NAND_Switch_Level.xpr
INFO: [Project 1-313] Project file moved from 'E:/FYP/FPGA_XILINX 2/NAND_Switch_Level' since last save.
Scanning sources...
Finished scanning sources
INFO: [IP_Flow 19-234] Refreshing IP repositories
INFO: [IP_Flow 19-1704] No user IP repositories specified
INFO: [IP_Flow 19-2313] Loaded Vivado IP repository 'C:/Xilinx/Vivado/2018.2/data/ip'.
open_project: Time (s): cpu = 00:00:05 ; elapsed = 00:00:07 . Memory (MB): peak = 833.746 ; gain = 93.898
update_compile_order -fileset sources_1
launch_simulation
INFO: [Vivado 12-5682] Launching behavioral simulation in 'E:/FYP/FPGA_XILINX/NAND_Switch_Level/NAND_Switch_Level.sim/sim_1/behav/xsim'
INFO: [SIM-utils-51] Simulation object is 'sim_1'
INFO: [SIM-utils-54] Inspecting design source files for 'NAND_Switch_Level_Tb' in fileset 'sim_1'...
INFO: [USF-XSim-97] Finding global include files...
INFO: [USF-XSim-98] Fetching design files from 'sim_1'...
INFO: [USF-XSim-2] XSim::Compile design
INFO: [USF-XSim-61] Executing 'COMPILE and ANALYZE' step in 'E:/FYP/FPGA_XILINX/NAND_Switch_Level/NAND_Switch_Level.sim/sim_1/behav/xsim'
"xvlog --incr --relax -prj NAND_Switch_Level_Tb_vlog.prj"
INFO: [VRFC 10-2263] Analyzing Verilog file "E:/FYP/FPGA_XILINX/NAND_Switch_Level/NAND_Switch_Level.srcs/sources_1/new/NAND_Switch_Level.v" into library xil_defaultlib
INFO: [VRFC 10-311] analyzing module NAND_Switch_Level
INFO: [VRFC 10-2263] Analyzing Verilog file "E:/FYP/FPGA_XILINX/NAND_Switch_Level/NAND_Switch_Level.srcs/sim_1/new/NAND_Switch_Level_Tb.v" into library xil_defaultlib
INFO: [VRFC 10-311] analyzing module NAND_Switch_Level_Tb
INFO: [VRFC 10-2263] Analyzing Verilog file "E:/FYP/FPGA_XILINX/NAND_Switch_Level/NAND_Switch_Level.sim/sim_1/behav/xsim/glbl.v" into library xil_defaultlib
INFO: [VRFC 10-311] analyzing module glbl
INFO: [USF-XSim-69] 'compile' step finished in '3' seconds
INFO: [USF-XSim-3] XSim::Elaborate design
INFO: [USF-XSim-61] Executing 'ELABORATE' step in 'E:/FYP/FPGA_XILINX/NAND_Switch_Level/NAND_Switch_Level.sim/sim_1/behav/xsim'
Vivado Simulator 2018.2
Copyright 1986-1999, 2001-2018 Xilinx, Inc. All Rights Reserved.
Running: C:/Xilinx/Vivado/2018.2/bin/unwrapped/win64.o/xelab.exe -wto 0cae70582c8f436788e467b35c3df262 --incr --debug typical --relax --mt 2 -L xil_defaultlib -L unisims_ver -L unimacro_ver -L secureip --snapshot NAND_Switch_Level_Tb_behav xil_defaultlib.NAND_Switch_Level_Tb xil_defaultlib.glbl -log elaborate.log 
Using 2 slave threads.
Starting static elaboration
Completed static elaboration
Starting simulation data flow analysis
Completed simulation data flow analysis
Time Resolution for simulation is 1ps
Compiling module xil_defaultlib.NAND_Switch_Level
Compiling module xil_defaultlib.NAND_Switch_Level_Tb
Compiling module xil_defaultlib.glbl
Built simulation snapshot NAND_Switch_Level_Tb_behav

****** Webtalk v2018.2 (64-bit)
  **** SW Build 2258646 on Thu Jun 14 20:03:12 MDT 2018
  **** IP Build 2256618 on Thu Jun 14 22:10:49 MDT 2018
    ** Copyright 1986-2018 Xilinx, Inc. All Rights Reserved.

source E:/FYP/FPGA_XILINX/NAND_Switch_Level/NAND_Switch_Level.sim/sim_1/behav/xsim/xsim.dir/NAND_Switch_Level_Tb_behav/webtalk/xsim_webtalk.tcl -notrace
INFO: [Common 17-206] Exiting Webtalk at Tue Aug 20 10:48:44 2024...
run_program: Time (s): cpu = 00:00:00 ; elapsed = 00:00:07 . Memory (MB): peak = 867.434 ; gain = 0.000
INFO: [USF-XSim-69] 'elaborate' step finished in '7' seconds
INFO: [USF-XSim-4] XSim::Simulate design
INFO: [USF-XSim-61] Executing 'SIMULATE' step in 'E:/FYP/FPGA_XILINX/NAND_Switch_Level/NAND_Switch_Level.sim/sim_1/behav/xsim'
INFO: [USF-XSim-98] *** Running xsim
   with args "NAND_Switch_Level_Tb_behav -key {Behavioral:sim_1:Functional:NAND_Switch_Level_Tb} -tclbatch {NAND_Switch_Level_Tb.tcl} -log {simulate.log}"
INFO: [USF-XSim-8] Loading simulator feature
Vivado Simulator 2018.2
Time resolution is 1 ps
source NAND_Switch_Level_Tb.tcl
# set curr_wave [current_wave_config]
# if { [string length $curr_wave] == 0 } {
#   if { [llength [get_objects]] > 0} {
#     add_wave /
#     set_property needs_save false [current_wave_config]
#   } else {
#      send_msg_id Add_Wave-1 WARNING "No top level signals found. Simulator will start without a wave window. If you want to open a wave window go to 'File->New Waveform Configuration' or type 'create_wave_config' in the TCL console."
#   }
# }
# run 1000ns
INFO: [USF-XSim-96] XSim completed. Design snapshot 'NAND_Switch_Level_Tb_behav' loaded.
INFO: [USF-XSim-97] XSim simulation ran for 1000ns
launch_simulation: Time (s): cpu = 00:00:04 ; elapsed = 00:00:14 . Memory (MB): peak = 871.891 ; gain = 4.457
close_sim
INFO: [Simtcl 6-16] Simulation closed
exit
INFO: [Common 17-206] Exiting Vivado at Tue Aug 20 10:51:17 2024...
