Vivado Simulator 2018.2
Copyright 1986-1999, 2001-2018 Xilinx, Inc. All Rights Reserved.
Running: C:/Xilinx/Vivado/2018.2/bin/unwrapped/win64.o/xelab.exe -wto b83223b81c234509870d45c80790034c --incr --debug typical --relax --mt 2 -L xbip_utils_v3_0_9 -L axi_utils_v2_0_5 -L xbip_pipe_v3_0_5 -L xbip_bram18k_v3_0_5 -L mult_gen_v12_0_14 -L xbip_dsp48_wrapper_v3_0_4 -L xbip_dsp48_addsub_v3_0_5 -L xbip_dsp48_multadd_v3_0_5 -L dds_compiler_v6_0_16 -L xil_defaultlib -L unisims_ver -L unimacro_ver -L secureip -L xpm --snapshot Sine_Wave_wrapper_behav xil_defaultlib.Sine_Wave_wrapper xil_defaultlib.glbl -log elaborate.log 
Using 2 slave threads.
Starting static elaboration
Completed static elaboration
Starting simulation data flow analysis
Completed simulation data flow analysis
Time Resolution for simulation is 1ps
Compiling package std.standard
Compiling package std.textio
Compiling package ieee.std_logic_1164
Compiling package ieee.numeric_std
Compiling package xbip_utils_v3_0_9.xbip_utils_v3_0_9_pkg
Compiling package xbip_utils_v3_0_9.xcc_utils_v3_0
Compiling package dds_compiler_v6_0_16.dds_compiler_v6_0_16_viv_comp
Compiling package ieee.std_logic_arith
Compiling package ieee.std_logic_signed
Compiling package dds_compiler_v6_0_16.pkg_dds_compiler_v6_0_16
Compiling package dds_compiler_v6_0_16.dds_compiler_v6_0_16_hdl_comps
Compiling package xbip_pipe_v3_0_5.xbip_pipe_v3_0_5_viv_comp
Compiling package axi_utils_v2_0_5.axi_utils_v2_0_5_pkg
Compiling package ieee.math_real
Compiling package axi_utils_v2_0_5.global_util_pkg
Compiling package axi_utils_v2_0_5.axi_utils_comps
Compiling package unisim.vcomponents
Compiling package ieee.std_logic_unsigned
Compiling package dds_compiler_v6_0_16.pkg_betas
Compiling package dds_compiler_v6_0_16.pkg_alphas
Compiling architecture synth of entity xbip_pipe_v3_0_5.xbip_pipe_v3_0_5_viv [\xbip_pipe_v3_0_5_viv(c_latency=...]
Compiling architecture synth of entity xbip_pipe_v3_0_5.xbip_pipe_v3_0_5_viv [\xbip_pipe_v3_0_5_viv(c_latency=...]
Compiling architecture synth of entity dds_compiler_v6_0_16.dds_compiler_v6_0_16_rdy [\dds_compiler_v6_0_16_rdy(c_has_...]
Compiling architecture synth of entity dds_compiler_v6_0_16.dither_wrap [\dither_wrap(ci_phase_err_width=...]
Compiling architecture synth of entity xbip_pipe_v3_0_5.xbip_pipe_v3_0_5_viv [\xbip_pipe_v3_0_5_viv(c_has_ce=1...]
Compiling architecture synth of entity xbip_pipe_v3_0_5.xbip_pipe_v3_0_5_viv [\xbip_pipe_v3_0_5_viv(c_has_ce=1...]
Compiling architecture synth of entity xbip_pipe_v3_0_5.xbip_pipe_v3_0_5_viv [\xbip_pipe_v3_0_5_viv(c_has_ce=1...]
Compiling architecture synth of entity xbip_pipe_v3_0_5.xbip_pipe_v3_0_5_viv [\xbip_pipe_v3_0_5_viv(c_latency=...]
Compiling architecture synth of entity dds_compiler_v6_0_16.pipe_add [\pipe_add(c_width=28,c_seg_width...]
Compiling architecture synth of entity dds_compiler_v6_0_16.accum [\accum(c_xdevicefamily="artix7",...]
Compiling architecture synth of entity xbip_pipe_v3_0_5.xbip_pipe_v3_0_5_viv [\xbip_pipe_v3_0_5_viv(c_latency=...]
Compiling architecture synth of entity xbip_pipe_v3_0_5.xbip_pipe_v3_0_5_viv [\xbip_pipe_v3_0_5_viv(c_latency=...]
Compiling architecture synth of entity xbip_pipe_v3_0_5.xbip_pipe_v3_0_5_viv [\xbip_pipe_v3_0_5_viv(c_latency=...]
Compiling architecture synth of entity xbip_pipe_v3_0_5.xbip_pipe_v3_0_5_viv [\xbip_pipe_v3_0_5_viv(c_latency=...]
Compiling architecture synth of entity dds_compiler_v6_0_16.sin_cos [\sin_cos(c_xdevicefamily="artix7...]
Compiling architecture synth of entity xbip_pipe_v3_0_5.xbip_pipe_v3_0_5_viv [\xbip_pipe_v3_0_5_viv(c_has_ce=1...]
Compiling architecture synth of entity xbip_pipe_v3_0_5.xbip_pipe_v3_0_5_viv [\xbip_pipe_v3_0_5_viv(c_has_ce=1...]
Compiling architecture synth of entity dds_compiler_v6_0_16.dds_compiler_v6_0_16_core [\dds_compiler_v6_0_16_core(c_xde...]
Compiling architecture synth of entity dds_compiler_v6_0_16.dds_compiler_v6_0_16_viv [\dds_compiler_v6_0_16_viv(c_xdev...]
Compiling architecture xilinx of entity dds_compiler_v6_0_16.dds_compiler_v6_0_16 [\dds_compiler_v6_0_16(c_xdevicef...]
Compiling architecture sine_wave_dds_compiler_0_0_arch of entity xil_defaultlib.Sine_Wave_dds_compiler_0_0 [sine_wave_dds_compiler_0_0_defau...]
Compiling module xil_defaultlib.Sine_Wave
Compiling module xil_defaultlib.Sine_Wave_wrapper
Compiling module xil_defaultlib.glbl
Built simulation snapshot Sine_Wave_wrapper_behav
