#-----------------------------------------------------------
# Vivado v2018.2 (64-bit)
# SW Build 2258646 on Thu Jun 14 20:03:12 MDT 2018
# IP Build 2256618 on Thu Jun 14 22:10:49 MDT 2018
# Start of session at: Mon Dec  4 08:31:21 2023
# Process ID: 31468
# Current directory: E:/FYP/FPGA_XILINX 2/Random_Number_Add
# Command line: vivado.exe -gui_launcher_event rodinguilauncherevent13228 E:\FYP\FPGA_XILINX 2\Random_Number_Add\Random_Number_Add.xpr
# Log file: E:/FYP/FPGA_XILINX 2/Random_Number_Add/vivado.log
# Journal file: E:/FYP/FPGA_XILINX 2/Random_Number_Add\vivado.jou
#-----------------------------------------------------------
start_gui
open_project {E:/FYP/FPGA_XILINX 2/Random_Number_Add/Random_Number_Add.xpr}
Scanning sources...
Finished scanning sources
INFO: [IP_Flow 19-234] Refreshing IP repositories
INFO: [IP_Flow 19-1704] No user IP repositories specified
INFO: [IP_Flow 19-2313] Loaded Vivado IP repository 'C:/Xilinx/Vivado/2018.2/data/ip'.
open_project: Time (s): cpu = 00:00:12 ; elapsed = 00:00:14 . Memory (MB): peak = 838.000 ; gain = 107.062
update_compile_order -fileset sources_1
exit
INFO: [Common 17-206] Exiting Vivado at Mon Dec  4 14:27:57 2023...
