#-----------------------------------------------------------
# Vivado v2018.2 (64-bit)
# SW Build 2258646 on Thu Jun 14 20:03:12 MDT 2018
# IP Build 2256618 on Thu Jun 14 22:10:49 MDT 2018
# Start of session at: Mon Apr  1 00:36:38 2024
# Process ID: 4468
# Current directory: E:/FYP/Zybo/DMA
# Command line: vivado.exe -gui_launcher_event rodinguilauncherevent9076 E:\FYP\Zybo\DMA\DMA.xpr
# Log file: E:/FYP/Zybo/DMA/vivado.log
# Journal file: E:/FYP/Zybo/DMA\vivado.jou
#-----------------------------------------------------------
start_gui
open_project E:/FYP/Zybo/DMA/DMA.xpr
INFO: [Project 1-313] Project file moved from 'E:/FYP/FPGA_XILINX 2/DMA' since last save.
Scanning sources...
Finished scanning sources
INFO: [IP_Flow 19-234] Refreshing IP repositories
INFO: [IP_Flow 19-1704] No user IP repositories specified
INFO: [IP_Flow 19-2313] Loaded Vivado IP repository 'C:/Xilinx/Vivado/2018.2/data/ip'.
open_project: Time (s): cpu = 00:00:09 ; elapsed = 00:00:12 . Memory (MB): peak = 869.129 ; gain = 140.887
update_compile_order -fileset sources_1
file copy -force E:/FYP/Zybo/DMA/DMA.runs/impl_1/DMA_wrapper.sysdef E:/FYP/Zybo/DMA/DMA.sdk/DMA_wrapper.hdf

launch_sdk -workspace E:/FYP/Zybo/DMA/DMA.sdk -hwspec E:/FYP/Zybo/DMA/DMA.sdk/DMA_wrapper.hdf
INFO: [Vivado 12-393] Launching SDK...
INFO: [Vivado 12-417] Running xsdk -workspace E:/FYP/Zybo/DMA/DMA.sdk -hwspec E:/FYP/Zybo/DMA/DMA.sdk/DMA_wrapper.hdf
INFO: [Vivado 12-3157] SDK launch initiated. Please check console for any further messages.
open_hw
connect_hw_server
INFO: [Labtools 27-2285] Connecting to hw_server url TCP:localhost:3121
exit
INFO: [Common 17-206] Exiting Vivado at Mon Apr  1 01:01:05 2024...
