00:37:57 INFO  : Registering command handlers for SDK TCF services
00:37:58 INFO  : Launching XSCT server: xsct.bat -interactive E:\FYP\Zybo\DMA\DMA.sdk\temp_xsdb_launch_script.tcl
00:38:00 INFO  : XSCT server has started successfully.
00:38:00 INFO  : Successfully done setting XSCT server connection channel  
00:38:00 INFO  : Successfully done setting SDK workspace  
00:38:00 INFO  : Processing command line option -hwspec E:/FYP/Zybo/DMA/DMA.sdk/DMA_wrapper.hdf.
00:45:07 INFO  : Connected to target on host '127.0.0.1' and port '3121'.
00:47:16 INFO  : Connected to target on host '127.0.0.1' and port '3121'.
00:51:53 INFO  : Connected to target on host '127.0.0.1' and port '3121'.
00:51:54 INFO  : 'targets -set -filter {jtag_cable_name =~ "Digilent Zybo 210279772382A" && level==0} -index 1' command is executed.
00:51:55 INFO  : FPGA configured successfully with bitstream "E:/FYP/Zybo/DMA/DMA.sdk/DMA_wrapper_hw_platform_0/DMA_wrapper.bit"
00:54:19 INFO  : 'targets -set -filter {jtag_cable_name =~ "Digilent Zybo 210279772382A" && level==0} -index 1' command is executed.
00:54:19 INFO  : 'fpga -state' command is executed.
00:54:19 INFO  : Connected to target on host '127.0.0.1' and port '3121'.
00:54:20 INFO  : Jtag cable 'Digilent Zybo 210279772382A' is selected.
00:54:20 INFO  : 'jtag frequency' command is executed.
00:54:20 INFO  : Sourcing of 'E:/FYP/Zybo/DMA/DMA.sdk/DMA_wrapper_hw_platform_0/ps7_init.tcl' is done.
00:54:20 INFO  : Context for 'APU' is selected.
00:54:20 INFO  : Hardware design information is loaded from 'E:/FYP/Zybo/DMA/DMA.sdk/DMA_wrapper_hw_platform_0/system.hdf'.
00:54:20 INFO  : 'configparams force-mem-access 1' command is executed.
00:54:20 INFO  : Context for 'APU' is selected.
00:54:20 INFO  : 'stop' command is executed.
00:54:21 INFO  : 'ps7_init' command is executed.
00:54:21 INFO  : 'ps7_post_config' command is executed.
00:54:21 INFO  : Context for processor 'ps7_cortexa9_0' is selected.
00:54:21 INFO  : Processor reset is completed for 'ps7_cortexa9_0'.
00:54:21 INFO  : Context for processor 'ps7_cortexa9_0' is selected.
00:54:21 INFO  : The application 'E:/FYP/Zybo/DMA/DMA.sdk/DMA_Test/Debug/DMA_Test.elf' is downloaded to processor 'ps7_cortexa9_0'.
00:54:21 INFO  : 'configparams force-mem-access 0' command is executed.
00:54:21 INFO  : ----------------XSDB Script----------------
connect -url tcp:127.0.0.1:3121
source E:/FYP/Zybo/DMA/DMA.sdk/DMA_wrapper_hw_platform_0/ps7_init.tcl
targets -set -nocase -filter {name =~"APU*" && jtag_cable_name =~ "Digilent Zybo 210279772382A"} -index 0
loadhw -hw E:/FYP/Zybo/DMA/DMA.sdk/DMA_wrapper_hw_platform_0/system.hdf -mem-ranges [list {0x40000000 0xbfffffff}]
configparams force-mem-access 1
targets -set -nocase -filter {name =~"APU*" && jtag_cable_name =~ "Digilent Zybo 210279772382A"} -index 0
stop
ps7_init
ps7_post_config
targets -set -nocase -filter {name =~ "ARM*#0" && jtag_cable_name =~ "Digilent Zybo 210279772382A"} -index 0
rst -processor
targets -set -nocase -filter {name =~ "ARM*#0" && jtag_cable_name =~ "Digilent Zybo 210279772382A"} -index 0
dow E:/FYP/Zybo/DMA/DMA.sdk/DMA_Test/Debug/DMA_Test.elf
configparams force-mem-access 0
----------------End of Script----------------

00:54:21 INFO  : Memory regions updated for context APU
00:54:21 INFO  : Context for processor 'ps7_cortexa9_0' is selected.
00:54:21 INFO  : 'con' command is executed.
00:54:21 INFO  : ----------------XSDB Script (After Launch)----------------
targets -set -nocase -filter {name =~ "ARM*#0" && jtag_cable_name =~ "Digilent Zybo 210279772382A"} -index 0
con
----------------End of Script----------------

00:54:21 INFO  : Launch script is exported to file 'E:\FYP\Zybo\DMA\DMA.sdk\.sdk\launch_scripts\xilinx_c-c++_application_(system_debugger)\system_debugger_using_debug_dma_test.elf_on_local.tcl'
00:54:45 INFO  : Disconnected from the channel tcfchan#1.
00:54:46 INFO  : 'targets -set -filter {jtag_cable_name =~ "Digilent Zybo 210279772382A" && level==0} -index 1' command is executed.
00:54:46 INFO  : 'fpga -state' command is executed.
00:54:46 INFO  : Connected to target on host '127.0.0.1' and port '3121'.
00:54:46 INFO  : Jtag cable 'Digilent Zybo 210279772382A' is selected.
00:54:46 INFO  : 'jtag frequency' command is executed.
00:54:46 INFO  : Sourcing of 'E:/FYP/Zybo/DMA/DMA.sdk/DMA_wrapper_hw_platform_0/ps7_init.tcl' is done.
00:54:46 INFO  : Context for 'APU' is selected.
00:54:49 INFO  : Hardware design information is loaded from 'E:/FYP/Zybo/DMA/DMA.sdk/DMA_wrapper_hw_platform_0/system.hdf'.
00:54:49 INFO  : 'configparams force-mem-access 1' command is executed.
00:54:49 INFO  : Context for 'APU' is selected.
00:54:49 INFO  : 'stop' command is executed.
00:54:49 INFO  : 'ps7_init' command is executed.
00:54:49 INFO  : 'ps7_post_config' command is executed.
00:54:49 INFO  : Context for processor 'ps7_cortexa9_0' is selected.
00:54:50 INFO  : Processor reset is completed for 'ps7_cortexa9_0'.
00:54:50 INFO  : Context for processor 'ps7_cortexa9_0' is selected.
00:54:50 INFO  : The application 'E:/FYP/Zybo/DMA/DMA.sdk/DMA_Test/Debug/DMA_Test.elf' is downloaded to processor 'ps7_cortexa9_0'.
00:54:50 INFO  : 'configparams force-mem-access 0' command is executed.
00:54:50 INFO  : ----------------XSDB Script----------------
connect -url tcp:127.0.0.1:3121
source E:/FYP/Zybo/DMA/DMA.sdk/DMA_wrapper_hw_platform_0/ps7_init.tcl
targets -set -nocase -filter {name =~"APU*" && jtag_cable_name =~ "Digilent Zybo 210279772382A"} -index 0
loadhw -hw E:/FYP/Zybo/DMA/DMA.sdk/DMA_wrapper_hw_platform_0/system.hdf -mem-ranges [list {0x40000000 0xbfffffff}]
configparams force-mem-access 1
targets -set -nocase -filter {name =~"APU*" && jtag_cable_name =~ "Digilent Zybo 210279772382A"} -index 0
stop
ps7_init
ps7_post_config
targets -set -nocase -filter {name =~ "ARM*#0" && jtag_cable_name =~ "Digilent Zybo 210279772382A"} -index 0
rst -processor
targets -set -nocase -filter {name =~ "ARM*#0" && jtag_cable_name =~ "Digilent Zybo 210279772382A"} -index 0
dow E:/FYP/Zybo/DMA/DMA.sdk/DMA_Test/Debug/DMA_Test.elf
configparams force-mem-access 0
----------------End of Script----------------

00:54:50 INFO  : Memory regions updated for context APU
00:54:50 INFO  : Context for processor 'ps7_cortexa9_0' is selected.
00:54:50 INFO  : 'con' command is executed.
00:54:50 INFO  : ----------------XSDB Script (After Launch)----------------
targets -set -nocase -filter {name =~ "ARM*#0" && jtag_cable_name =~ "Digilent Zybo 210279772382A"} -index 0
con
----------------End of Script----------------

00:54:50 INFO  : Launch script is exported to file 'E:\FYP\Zybo\DMA\DMA.sdk\.sdk\launch_scripts\xilinx_c-c++_application_(system_debugger)\system_debugger_using_debug_dma_test.elf_on_local.tcl'
00:57:01 INFO  : Disconnected from the channel tcfchan#2.
00:57:03 INFO  : 'targets -set -filter {jtag_cable_name =~ "Digilent Zybo 210279772382A" && level==0} -index 1' command is executed.
00:57:03 INFO  : 'fpga -state' command is executed.
00:57:03 INFO  : Connected to target on host '127.0.0.1' and port '3121'.
00:57:03 INFO  : Jtag cable 'Digilent Zybo 210279772382A' is selected.
00:57:03 INFO  : 'jtag frequency' command is executed.
00:57:03 INFO  : Sourcing of 'E:/FYP/Zybo/DMA/DMA.sdk/DMA_wrapper_hw_platform_0/ps7_init.tcl' is done.
00:57:03 INFO  : Context for 'APU' is selected.
00:57:05 INFO  : Hardware design information is loaded from 'E:/FYP/Zybo/DMA/DMA.sdk/DMA_wrapper_hw_platform_0/system.hdf'.
00:57:05 INFO  : 'configparams force-mem-access 1' command is executed.
00:57:05 INFO  : Context for 'APU' is selected.
00:57:05 INFO  : 'stop' command is executed.
00:57:06 INFO  : 'ps7_init' command is executed.
00:57:06 INFO  : 'ps7_post_config' command is executed.
00:57:06 INFO  : Context for processor 'ps7_cortexa9_0' is selected.
00:57:06 INFO  : Processor reset is completed for 'ps7_cortexa9_0'.
00:57:06 INFO  : Context for processor 'ps7_cortexa9_0' is selected.
00:57:06 INFO  : The application 'E:/FYP/Zybo/DMA/DMA.sdk/DMA_Test/Debug/DMA_Test.elf' is downloaded to processor 'ps7_cortexa9_0'.
00:57:06 INFO  : 'configparams force-mem-access 0' command is executed.
00:57:06 INFO  : ----------------XSDB Script----------------
connect -url tcp:127.0.0.1:3121
source E:/FYP/Zybo/DMA/DMA.sdk/DMA_wrapper_hw_platform_0/ps7_init.tcl
targets -set -nocase -filter {name =~"APU*" && jtag_cable_name =~ "Digilent Zybo 210279772382A"} -index 0
loadhw -hw E:/FYP/Zybo/DMA/DMA.sdk/DMA_wrapper_hw_platform_0/system.hdf -mem-ranges [list {0x40000000 0xbfffffff}]
configparams force-mem-access 1
targets -set -nocase -filter {name =~"APU*" && jtag_cable_name =~ "Digilent Zybo 210279772382A"} -index 0
stop
ps7_init
ps7_post_config
targets -set -nocase -filter {name =~ "ARM*#0" && jtag_cable_name =~ "Digilent Zybo 210279772382A"} -index 0
rst -processor
targets -set -nocase -filter {name =~ "ARM*#0" && jtag_cable_name =~ "Digilent Zybo 210279772382A"} -index 0
dow E:/FYP/Zybo/DMA/DMA.sdk/DMA_Test/Debug/DMA_Test.elf
configparams force-mem-access 0
----------------End of Script----------------

00:57:06 INFO  : Memory regions updated for context APU
00:57:07 INFO  : Context for processor 'ps7_cortexa9_0' is selected.
00:57:07 INFO  : 'con' command is executed.
00:57:07 INFO  : ----------------XSDB Script (After Launch)----------------
targets -set -nocase -filter {name =~ "ARM*#0" && jtag_cable_name =~ "Digilent Zybo 210279772382A"} -index 0
con
----------------End of Script----------------

00:57:07 INFO  : Launch script is exported to file 'E:\FYP\Zybo\DMA\DMA.sdk\.sdk\launch_scripts\xilinx_c-c++_application_(system_debugger)\system_debugger_using_debug_dma_test.elf_on_local.tcl'
01:00:51 INFO  : Disconnected from the channel tcfchan#3.
