#-----------------------------------------------------------
# Vivado v2018.2 (64-bit)
# SW Build 2258646 on Thu Jun 14 20:03:12 MDT 2018
# IP Build 2256618 on Thu Jun 14 22:10:49 MDT 2018
# Start of session at: Tue Aug 22 10:11:33 2023
# Process ID: 7580
# Current directory: D:/Vivado Practice/Counter_Using_Vivado_IP
# Command line: vivado.exe -gui_launcher_event rodinguilauncherevent17016 D:\Vivado Practice\Counter_Using_Vivado_IP\Counter_Using_Vivado_IP.xpr
# Log file: D:/Vivado Practice/Counter_Using_Vivado_IP/vivado.log
# Journal file: D:/Vivado Practice/Counter_Using_Vivado_IP\vivado.jou
#-----------------------------------------------------------
start_gui
open_project {D:/Vivado Practice/Counter_Using_Vivado_IP/Counter_Using_Vivado_IP.xpr}
Scanning sources...
Finished scanning sources
INFO: [IP_Flow 19-234] Refreshing IP repositories
INFO: [IP_Flow 19-1704] No user IP repositories specified
INFO: [IP_Flow 19-2313] Loaded Vivado IP repository 'C:/Xilinx/Vivado/2018.2/data/ip'.
open_project: Time (s): cpu = 00:00:08 ; elapsed = 00:00:12 . Memory (MB): peak = 890.328 ; gain = 153.453
update_compile_order -fileset sources_1
launch_simulation
INFO: [Vivado 12-5698] Checking validity of IPs in the design for the 'XSim' simulator...
INFO: [Vivado 12-5682] Launching behavioral simulation in 'D:/Vivado Practice/Counter_Using_Vivado_IP/Counter_Using_Vivado_IP.sim/sim_1/behav/xsim'
INFO: [Vivado 12-4795] Using compiled simulation libraries for IPs
INFO: [SIM-utils-51] Simulation object is 'sim_1'
INFO: [USF-XSim-7] Finding pre-compiled libraries...
INFO: [USF-XSim-11] File 'C:/Xilinx/Vivado/2018.2/data/xsim/xsim.ini' copied to run dir:'D:/Vivado Practice/Counter_Using_Vivado_IP/Counter_Using_Vivado_IP.sim/sim_1/behav/xsim'
INFO: [SIM-utils-54] Inspecting design source files for 'Counter_tb' in fileset 'sim_1'...
INFO: [USF-XSim-97] Finding global include files...
INFO: [USF-XSim-98] Fetching design files from 'sim_1'...
INFO: [USF-XSim-2] XSim::Compile design
INFO: [USF-XSim-61] Executing 'COMPILE and ANALYZE' step in 'D:/Vivado Practice/Counter_Using_Vivado_IP/Counter_Using_Vivado_IP.sim/sim_1/behav/xsim'
"xvlog --incr --relax -prj Counter_tb_vlog.prj"
INFO: [VRFC 10-2263] Analyzing Verilog file "D:/Vivado Practice/Counter_Using_Vivado_IP/Counter_Using_Vivado_IP.srcs/sources_1/new/Counter.v" into library xil_defaultlib
INFO: [VRFC 10-311] analyzing module Counter
INFO: [VRFC 10-2263] Analyzing Verilog file "D:/Vivado Practice/Counter_Using_Vivado_IP/Counter_Using_Vivado_IP.srcs/sim_1/new/Counter_tb.v" into library xil_defaultlib
INFO: [VRFC 10-311] analyzing module Counter_tb
"xvhdl --incr --relax -prj Counter_tb_vhdl.prj"
INFO: [USF-XSim-69] 'compile' step finished in '4' seconds
INFO: [USF-XSim-3] XSim::Elaborate design
INFO: [USF-XSim-61] Executing 'ELABORATE' step in 'D:/Vivado Practice/Counter_Using_Vivado_IP/Counter_Using_Vivado_IP.sim/sim_1/behav/xsim'
Vivado Simulator 2018.2
Copyright 1986-1999, 2001-2018 Xilinx, Inc. All Rights Reserved.
Running: C:/Xilinx/Vivado/2018.2/bin/unwrapped/win64.o/xelab.exe -wto bdf5d8e148c4469da9f84cc6d72abec9 --incr --debug typical --relax --mt 2 -L xbip_utils_v3_0_9 -L c_reg_fd_v12_0_5 -L xbip_dsp48_wrapper_v3_0_4 -L xbip_pipe_v3_0_5 -L xbip_dsp48_addsub_v3_0_5 -L xbip_addsub_v3_0_5 -L c_addsub_v12_0_12 -L c_gate_bit_v12_0_5 -L xbip_counter_v3_0_5 -L c_counter_binary_v12_0_12 -L xil_defaultlib -L unisims_ver -L unimacro_ver -L secureip -L xpm --snapshot Counter_tb_behav xil_defaultlib.Counter_tb xil_defaultlib.glbl -log elaborate.log 
Using 2 slave threads.
Starting static elaboration
Completed static elaboration
Starting simulation data flow analysis
Completed simulation data flow analysis
Time Resolution for simulation is 1ps
Compiling package std.standard
Compiling package std.textio
Compiling package ieee.std_logic_1164
Compiling package ieee.numeric_std
Compiling package c_counter_binary_v12_0_12.c_counter_binary_v12_0_12_viv_co...
Compiling package xbip_utils_v3_0_9.xbip_utils_v3_0_9_pkg
Compiling package xbip_counter_v3_0_5.xbip_counter_v3_0_5_viv_comp
Compiling package ieee.std_logic_arith
Compiling package ieee.std_logic_unsigned
Compiling package xbip_counter_v3_0_5.xbip_counter_v3_0_5_pkg
Compiling package c_counter_binary_v12_0_12.c_counter_binary_v12_0_12_pkg
Compiling package c_addsub_v12_0_12.c_addsub_v12_0_12_pkg_legacy
Compiling package c_reg_fd_v12_0_5.c_reg_fd_v12_0_5_viv_comp
Compiling package c_addsub_v12_0_12.c_addsub_v12_0_12_pkg
Compiling package unisim.vcomponents
Compiling architecture structural of entity c_reg_fd_v12_0_5.c_reg_fd_v12_0_5_viv [\c_reg_fd_v12_0_5_viv(c_width=4,...]
Compiling architecture muxcy_v of entity unisim.MUXCY [muxcy_default]
Compiling architecture xorcy_v of entity unisim.XORCY [xorcy_default]
Compiling architecture rtl of entity c_addsub_v12_0_12.c_addsub_v12_0_12_lut6_legacy [\c_addsub_v12_0_12_lut6_legacy(c...]
Compiling architecture synth of entity c_addsub_v12_0_12.c_addsub_v12_0_12_fabric_legacy [\c_addsub_v12_0_12_fabric_legacy...]
Compiling architecture synth of entity c_addsub_v12_0_12.c_addsub_v12_0_12_legacy [\c_addsub_v12_0_12_legacy(c_fami...]
Compiling architecture synth of entity c_counter_binary_v12_0_12.c_counter_binary_v12_0_12_legacy [\c_counter_binary_v12_0_12_legac...]
Compiling architecture synth of entity c_counter_binary_v12_0_12.c_counter_binary_v12_0_12_viv [\c_counter_binary_v12_0_12_viv(c...]
Compiling architecture xilinx of entity c_counter_binary_v12_0_12.c_counter_binary_v12_0_12 [\c_counter_binary_v12_0_12(c_xde...]
Compiling architecture c_counter_binary_0_arch of entity xil_defaultlib.c_counter_binary_0 [c_counter_binary_0_default]
Compiling module xil_defaultlib.Counter
Compiling module xil_defaultlib.Counter_tb
Compiling module xil_defaultlib.glbl
Built simulation snapshot Counter_tb_behav

****** Webtalk v2018.2 (64-bit)
  **** SW Build 2258646 on Thu Jun 14 20:03:12 MDT 2018
  **** IP Build 2256618 on Thu Jun 14 22:10:49 MDT 2018
    ** Copyright 1986-2018 Xilinx, Inc. All Rights Reserved.

source D:/Vivado -notrace
couldn't read file "D:/Vivado": no such file or directory
INFO: [Common 17-206] Exiting Webtalk at Tue Aug 22 10:13:31 2023...
run_program: Time (s): cpu = 00:00:00 ; elapsed = 00:00:06 . Memory (MB): peak = 931.074 ; gain = 0.000
INFO: [USF-XSim-69] 'elaborate' step finished in '6' seconds
INFO: [USF-XSim-4] XSim::Simulate design
INFO: [USF-XSim-61] Executing 'SIMULATE' step in 'D:/Vivado Practice/Counter_Using_Vivado_IP/Counter_Using_Vivado_IP.sim/sim_1/behav/xsim'
INFO: [USF-XSim-98] *** Running xsim
   with args "Counter_tb_behav -key {Behavioral:sim_1:Functional:Counter_tb} -tclbatch {Counter_tb.tcl} -log {simulate.log}"
INFO: [USF-XSim-8] Loading simulator feature
Vivado Simulator 2018.2
Time resolution is 1 ps
source Counter_tb.tcl
# set curr_wave [current_wave_config]
# if { [string length $curr_wave] == 0 } {
#   if { [llength [get_objects]] > 0} {
#     add_wave /
#     set_property needs_save false [current_wave_config]
#   } else {
#      send_msg_id Add_Wave-1 WARNING "No top level signals found. Simulator will start without a wave window. If you want to open a wave window go to 'File->New Waveform Configuration' or type 'create_wave_config' in the TCL console."
#   }
# }
# run 1000ns
INFO: [USF-XSim-96] XSim completed. Design snapshot 'Counter_tb_behav' loaded.
INFO: [USF-XSim-97] XSim simulation ran for 1000ns
launch_simulation: Time (s): cpu = 00:00:04 ; elapsed = 00:00:16 . Memory (MB): peak = 942.211 ; gain = 11.137
close_sim
INFO: [Simtcl 6-16] Simulation closed
exit
INFO: [Common 17-206] Exiting Vivado at Tue Aug 22 10:14:50 2023...
