#-----------------------------------------------------------
# Vivado v2018.2 (64-bit)
# SW Build 2258646 on Thu Jun 14 20:03:12 MDT 2018
# IP Build 2256618 on Thu Jun 14 22:10:49 MDT 2018
# Start of session at: Sun Aug 27 22:08:25 2023
# Process ID: 7456
# Current directory: E:/FYP/FPGA_XILINX 2/Mealy_Example_2_Way_Process
# Command line: vivado.exe -gui_launcher_event rodinguilauncherevent9416 E:\FYP\FPGA_XILINX 2\Mealy_Example_2_Way_Process\Mealy_Example_2_Way_Process.xpr
# Log file: E:/FYP/FPGA_XILINX 2/Mealy_Example_2_Way_Process/vivado.log
# Journal file: E:/FYP/FPGA_XILINX 2/Mealy_Example_2_Way_Process\vivado.jou
#-----------------------------------------------------------
start_gui
open_project {E:/FYP/FPGA_XILINX 2/Mealy_Example_2_Way_Process/Mealy_Example_2_Way_Process.xpr}
Scanning sources...
Finished scanning sources
INFO: [IP_Flow 19-234] Refreshing IP repositories
INFO: [IP_Flow 19-1704] No user IP repositories specified
INFO: [IP_Flow 19-2313] Loaded Vivado IP repository 'C:/Xilinx/Vivado/2018.2/data/ip'.
open_project: Time (s): cpu = 00:00:06 ; elapsed = 00:00:07 . Memory (MB): peak = 902.504 ; gain = 152.141
update_compile_order -fileset sources_1
launch_simulation
INFO: [Vivado 12-5682] Launching behavioral simulation in 'E:/FYP/FPGA_XILINX 2/Mealy_Example_2_Way_Process/Mealy_Example_2_Way_Process.sim/sim_1/behav/xsim'
INFO: [SIM-utils-51] Simulation object is 'sim_1'
INFO: [SIM-utils-54] Inspecting design source files for 'Mealy_Example_2_Way_process_Tb' in fileset 'sim_1'...
INFO: [USF-XSim-97] Finding global include files...
INFO: [USF-XSim-98] Fetching design files from 'sim_1'...
INFO: [USF-XSim-2] XSim::Compile design
INFO: [USF-XSim-61] Executing 'COMPILE and ANALYZE' step in 'E:/FYP/FPGA_XILINX 2/Mealy_Example_2_Way_Process/Mealy_Example_2_Way_Process.sim/sim_1/behav/xsim'
"xvlog --incr --relax -prj Mealy_Example_2_Way_process_Tb_vlog.prj"
INFO: [VRFC 10-2263] Analyzing Verilog file "E:/FYP/FPGA_XILINX 2/Mealy_Example_2_Way_Process/Mealy_Example_2_Way_Process.srcs/sources_1/new/Mealy_Example_2_Way_Process.v" into library xil_defaultlib
INFO: [VRFC 10-311] analyzing module Mealy_Example_2_Way_Process
INFO: [VRFC 10-2263] Analyzing Verilog file "E:/FYP/FPGA_XILINX 2/Mealy_Example_2_Way_Process/Mealy_Example_2_Way_Process.srcs/sim_1/new/Mealy_Example_2_Way_Process_Tb.v" into library xil_defaultlib
INFO: [VRFC 10-311] analyzing module Mealy_Example_2_Way_process_Tb
INFO: [USF-XSim-69] 'compile' step finished in '3' seconds
INFO: [USF-XSim-3] XSim::Elaborate design
INFO: [USF-XSim-61] Executing 'ELABORATE' step in 'E:/FYP/FPGA_XILINX 2/Mealy_Example_2_Way_Process/Mealy_Example_2_Way_Process.sim/sim_1/behav/xsim'
Vivado Simulator 2018.2
Copyright 1986-1999, 2001-2018 Xilinx, Inc. All Rights Reserved.
Running: C:/Xilinx/Vivado/2018.2/bin/unwrapped/win64.o/xelab.exe -wto af94f9bb2ede469294d155b75d63ff40 --incr --debug typical --relax --mt 2 -L xil_defaultlib -L unisims_ver -L unimacro_ver -L secureip --snapshot Mealy_Example_2_Way_process_Tb_behav xil_defaultlib.Mealy_Example_2_Way_process_Tb xil_defaultlib.glbl -log elaborate.log 
Using 2 slave threads.
Starting static elaboration
Completed static elaboration
Starting simulation data flow analysis
Completed simulation data flow analysis
Time Resolution for simulation is 1ps
Compiling module xil_defaultlib.Mealy_Example_2_Way_Process
Compiling module xil_defaultlib.Mealy_Example_2_Way_process_Tb
Compiling module xil_defaultlib.glbl
Built simulation snapshot Mealy_Example_2_Way_process_Tb_behav

****** Webtalk v2018.2 (64-bit)
  **** SW Build 2258646 on Thu Jun 14 20:03:12 MDT 2018
  **** IP Build 2256618 on Thu Jun 14 22:10:49 MDT 2018
    ** Copyright 1986-2018 Xilinx, Inc. All Rights Reserved.

source E:/FYP/FPGA_XILINX -notrace
couldn't read file "E:/FYP/FPGA_XILINX": permission denied
INFO: [Common 17-206] Exiting Webtalk at Thu Aug 31 09:24:12 2023...
run_program: Time (s): cpu = 00:00:00 ; elapsed = 00:00:06 . Memory (MB): peak = 976.777 ; gain = 0.055
INFO: [USF-XSim-69] 'elaborate' step finished in '5' seconds
INFO: [USF-XSim-4] XSim::Simulate design
INFO: [USF-XSim-61] Executing 'SIMULATE' step in 'E:/FYP/FPGA_XILINX 2/Mealy_Example_2_Way_Process/Mealy_Example_2_Way_Process.sim/sim_1/behav/xsim'
INFO: [USF-XSim-98] *** Running xsim
   with args "Mealy_Example_2_Way_process_Tb_behav -key {Behavioral:sim_1:Functional:Mealy_Example_2_Way_process_Tb} -tclbatch {Mealy_Example_2_Way_process_Tb.tcl} -log {simulate.log}"
INFO: [USF-XSim-8] Loading simulator feature
Vivado Simulator 2018.2
Time resolution is 1 ps
source Mealy_Example_2_Way_process_Tb.tcl
# set curr_wave [current_wave_config]
# if { [string length $curr_wave] == 0 } {
#   if { [llength [get_objects]] > 0} {
#     add_wave /
#     set_property needs_save false [current_wave_config]
#   } else {
#      send_msg_id Add_Wave-1 WARNING "No top level signals found. Simulator will start without a wave window. If you want to open a wave window go to 'File->New Waveform Configuration' or type 'create_wave_config' in the TCL console."
#   }
# }
# run 1000ns
$finish called at time : 28 ns : File "E:/FYP/FPGA_XILINX 2/Mealy_Example_2_Way_Process/Mealy_Example_2_Way_Process.srcs/sim_1/new/Mealy_Example_2_Way_Process_Tb.v" Line 51
INFO: [USF-XSim-96] XSim completed. Design snapshot 'Mealy_Example_2_Way_process_Tb_behav' loaded.
INFO: [USF-XSim-97] XSim simulation ran for 1000ns
launch_simulation: Time (s): cpu = 00:00:03 ; elapsed = 00:00:14 . Memory (MB): peak = 996.895 ; gain = 21.141
current_wave_config {Untitled 1}
Untitled 1
add_wave {{/Mealy_Example_2_Way_process_Tb/uut/state}} 
relaunch_sim
INFO: [Vivado 12-5682] Launching behavioral simulation in 'E:/FYP/FPGA_XILINX 2/Mealy_Example_2_Way_Process/Mealy_Example_2_Way_Process.sim/sim_1/behav/xsim'
INFO: [SIM-utils-51] Simulation object is 'sim_1'
INFO: [SIM-utils-54] Inspecting design source files for 'Mealy_Example_2_Way_process_Tb' in fileset 'sim_1'...
INFO: [USF-XSim-97] Finding global include files...
INFO: [USF-XSim-98] Fetching design files from 'sim_1'...
INFO: [USF-XSim-2] XSim::Compile design
INFO: [USF-XSim-61] Executing 'COMPILE and ANALYZE' step in 'E:/FYP/FPGA_XILINX 2/Mealy_Example_2_Way_Process/Mealy_Example_2_Way_Process.sim/sim_1/behav/xsim'
"xvlog --incr --relax -prj Mealy_Example_2_Way_process_Tb_vlog.prj"
INFO: [USF-XSim-69] 'compile' step finished in '1' seconds
INFO: [Vivado 12-5682] Launching behavioral simulation in 'E:/FYP/FPGA_XILINX 2/Mealy_Example_2_Way_Process/Mealy_Example_2_Way_Process.sim/sim_1/behav/xsim'
INFO: [USF-XSim-3] XSim::Elaborate design
INFO: [USF-XSim-61] Executing 'ELABORATE' step in 'E:/FYP/FPGA_XILINX 2/Mealy_Example_2_Way_Process/Mealy_Example_2_Way_Process.sim/sim_1/behav/xsim'
Vivado Simulator 2018.2
Copyright 1986-1999, 2001-2018 Xilinx, Inc. All Rights Reserved.
Running: C:/Xilinx/Vivado/2018.2/bin/unwrapped/win64.o/xelab.exe -wto af94f9bb2ede469294d155b75d63ff40 --incr --debug typical --relax --mt 2 -L xil_defaultlib -L unisims_ver -L unimacro_ver -L secureip --snapshot Mealy_Example_2_Way_process_Tb_behav xil_defaultlib.Mealy_Example_2_Way_process_Tb xil_defaultlib.glbl -log elaborate.log 
Using 2 slave threads.
Starting static elaboration
Completed static elaboration
INFO: [XSIM 43-4323] No Change in HDL. Linking previously generated obj files to create kernel
INFO: [USF-XSim-69] 'elaborate' step finished in '3' seconds
Vivado Simulator 2018.2
Time resolution is 1 ps
$finish called at time : 28 ns : File "E:/FYP/FPGA_XILINX 2/Mealy_Example_2_Way_Process/Mealy_Example_2_Way_Process.srcs/sim_1/new/Mealy_Example_2_Way_Process_Tb.v" Line 51
relaunch_sim: Time (s): cpu = 00:00:00 ; elapsed = 00:00:08 . Memory (MB): peak = 1002.027 ; gain = 0.000
close_sim
INFO: [Simtcl 6-16] Simulation closed
exit
INFO: [Common 17-206] Exiting Vivado at Thu Aug 31 09:36:01 2023...
