#-----------------------------------------------------------
# Vivado v2018.2 (64-bit)
# SW Build 2258646 on Thu Jun 14 20:03:12 MDT 2018
# IP Build 2256618 on Thu Jun 14 22:10:49 MDT 2018
# Start of session at: Sat Aug 19 23:46:44 2023
# Process ID: 12020
# Current directory: E:/FYP/FPGA_XILINX 2/Traffic_Light_Basic_Moore
# Command line: vivado.exe -gui_launcher_event rodinguilauncherevent27048 E:\FYP\FPGA_XILINX 2\Traffic_Light_Basic_Moore\Traffic_Light_Basic_Moore.xpr
# Log file: E:/FYP/FPGA_XILINX 2/Traffic_Light_Basic_Moore/vivado.log
# Journal file: E:/FYP/FPGA_XILINX 2/Traffic_Light_Basic_Moore\vivado.jou
#-----------------------------------------------------------
start_gui
open_project {E:/FYP/FPGA_XILINX 2/Traffic_Light_Basic_Moore/Traffic_Light_Basic_Moore.xpr}
Scanning sources...
Finished scanning sources
INFO: [IP_Flow 19-234] Refreshing IP repositories
INFO: [IP_Flow 19-1704] No user IP repositories specified
INFO: [IP_Flow 19-2313] Loaded Vivado IP repository 'C:/Xilinx/Vivado/2018.2/data/ip'.
open_project: Time (s): cpu = 00:00:11 ; elapsed = 00:00:17 . Memory (MB): peak = 888.332 ; gain = 159.918
update_compile_order -fileset sources_1
exit
INFO: [Common 17-206] Exiting Vivado at Sat Aug 19 23:49:18 2023...
