21:41:55 INFO  : Registering command handlers for SDK TCF services
21:41:55 INFO  : Launching XSCT server: xsct.bat -interactive E:\FYP\Zybo\Interfacing_PS_With_PL_ZYBO\temp_xsdb_launch_script.tcl
21:41:58 INFO  : XSCT server has started successfully.
21:42:02 INFO  : Successfully done setting XSCT server connection channel  
21:42:02 INFO  : Successfully done setting SDK workspace  
21:44:34 INFO  : Registering command handlers for SDK TCF services
21:44:34 INFO  : Launching XSCT server: xsct.bat -interactive E:\FYP\Zybo\Interfacing_PS_With_PL_ZYBO\temp_xsdb_launch_script.tcl
21:44:37 INFO  : XSCT server has started successfully.
21:44:37 INFO  : Successfully done setting XSCT server connection channel  
21:44:37 INFO  : Successfully done setting SDK workspace  
21:45:22 INFO  : Registering command handlers for SDK TCF services
21:45:23 INFO  : Launching XSCT server: xsct.bat -interactive E:\FYP\Zybo\Interfacing_PS_With_PL_ZYBO\temp_xsdb_launch_script.tcl
21:45:25 INFO  : XSCT server has started successfully.
21:45:25 INFO  : Successfully done setting XSCT server connection channel  
21:45:25 INFO  : Successfully done setting SDK workspace  
21:47:03 INFO  : Registering command handlers for SDK TCF services
21:47:03 INFO  : Launching XSCT server: xsct.bat -interactive E:\FYP\Zybo\Interfacing_PS_With_PL_ZYBO\temp_xsdb_launch_script.tcl
21:47:04 INFO  : XSCT server has started successfully.
21:47:04 INFO  : Successfully done setting XSCT server connection channel  
21:47:04 INFO  : Successfully done setting SDK workspace  
