#-----------------------------------------------------------
# Vivado v2018.2 (64-bit)
# SW Build 2258646 on Thu Jun 14 20:03:12 MDT 2018
# IP Build 2256618 on Thu Jun 14 22:10:49 MDT 2018
# Start of session at: Mon Jan  1 22:44:40 2024
# Process ID: 21696
# Current directory: E:/FYP/Zybo/Interfacing_PS_With_PL_ZYBO
# Command line: vivado.exe -gui_launcher_event rodinguilauncherevent22776 E:\FYP\Zybo\Interfacing_PS_With_PL_ZYBO\Interfacing_PS_With_PL_ZYBO.xpr
# Log file: E:/FYP/Zybo/Interfacing_PS_With_PL_ZYBO/vivado.log
# Journal file: E:/FYP/Zybo/Interfacing_PS_With_PL_ZYBO\vivado.jou
#-----------------------------------------------------------
start_gui
open_project E:/FYP/Zybo/Interfacing_PS_With_PL_ZYBO/Interfacing_PS_With_PL_ZYBO.xpr
Scanning sources...
Finished scanning sources
INFO: [IP_Flow 19-234] Refreshing IP repositories
INFO: [IP_Flow 19-1704] No user IP repositories specified
INFO: [IP_Flow 19-2313] Loaded Vivado IP repository 'C:/Xilinx/Vivado/2018.2/data/ip'.
open_project: Time (s): cpu = 00:00:07 ; elapsed = 00:00:09 . Memory (MB): peak = 901.250 ; gain = 155.629
update_compile_order -fileset sources_1
launch_sdk -workspace E:/FYP/Zybo/Interfacing_PS_With_PL_ZYBO/Interfacing_PS_With_PL_ZYBO.sdk -hwspec E:/FYP/Zybo/Interfacing_PS_With_PL_ZYBO/Interfacing_PS_With_PL_ZYBO.sdk/NAND_Gate_wrapper.hdf
INFO: [Vivado 12-393] Launching SDK...
INFO: [Vivado 12-417] Running xsdk -workspace E:/FYP/Zybo/Interfacing_PS_With_PL_ZYBO/Interfacing_PS_With_PL_ZYBO.sdk -hwspec E:/FYP/Zybo/Interfacing_PS_With_PL_ZYBO/Interfacing_PS_With_PL_ZYBO.sdk/NAND_Gate_wrapper.hdf
INFO: [Vivado 12-3157] SDK launch initiated. Please check console for any further messages.
exit
INFO: [Common 17-206] Exiting Vivado at Mon Jan  1 22:46:46 2024...
