#-----------------------------------------------------------
# Vivado v2018.2 (64-bit)
# SW Build 2258646 on Thu Jun 14 20:03:12 MDT 2018
# IP Build 2256618 on Thu Jun 14 22:10:49 MDT 2018
# Start of session at: Mon Aug 14 17:39:28 2023
# Process ID: 7800
# Current directory: E:/FYP/FPGA_XILINX 2/Memory_Design/Basic_Memory_Design
# Command line: vivado.exe -gui_launcher_event rodinguilauncherevent24188 E:\FYP\FPGA_XILINX 2\Memory_Design\Basic_Memory_Design\Basic_Memory_Design.xpr
# Log file: E:/FYP/FPGA_XILINX 2/Memory_Design/Basic_Memory_Design/vivado.log
# Journal file: E:/FYP/FPGA_XILINX 2/Memory_Design/Basic_Memory_Design\vivado.jou
#-----------------------------------------------------------
start_gui
open_project {E:/FYP/FPGA_XILINX 2/Memory_Design/Basic_Memory_Design/Basic_Memory_Design.xpr}
Scanning sources...
Finished scanning sources
INFO: [IP_Flow 19-234] Refreshing IP repositories
INFO: [IP_Flow 19-1704] No user IP repositories specified
INFO: [IP_Flow 19-2313] Loaded Vivado IP repository 'C:/Xilinx/Vivado/2018.2/data/ip'.
open_project: Time (s): cpu = 00:00:07 ; elapsed = 00:00:14 . Memory (MB): peak = 886.473 ; gain = 143.891
update_compile_order -fileset sources_1
launch_simulation
INFO: [Vivado 12-5682] Launching behavioral simulation in 'E:/FYP/FPGA_XILINX 2/Memory_Design/Basic_Memory_Design/Basic_Memory_Design.sim/sim_1/behav/xsim'
INFO: [SIM-utils-51] Simulation object is 'sim_1'
INFO: [SIM-utils-54] Inspecting design source files for 'Basic_Memory_Design_Tb' in fileset 'sim_1'...
INFO: [USF-XSim-97] Finding global include files...
INFO: [USF-XSim-98] Fetching design files from 'sim_1'...
INFO: [USF-XSim-2] XSim::Compile design
INFO: [USF-XSim-61] Executing 'COMPILE and ANALYZE' step in 'E:/FYP/FPGA_XILINX 2/Memory_Design/Basic_Memory_Design/Basic_Memory_Design.sim/sim_1/behav/xsim'
"xvlog --incr --relax -prj Basic_Memory_Design_Tb_vlog.prj"
INFO: [USF-XSim-69] 'compile' step finished in '2' seconds
INFO: [USF-XSim-3] XSim::Elaborate design
INFO: [USF-XSim-61] Executing 'ELABORATE' step in 'E:/FYP/FPGA_XILINX 2/Memory_Design/Basic_Memory_Design/Basic_Memory_Design.sim/sim_1/behav/xsim'
Vivado Simulator 2018.2
Copyright 1986-1999, 2001-2018 Xilinx, Inc. All Rights Reserved.
Running: C:/Xilinx/Vivado/2018.2/bin/unwrapped/win64.o/xelab.exe -wto 7441e1b39cad48c484114d5d996522e0 --incr --debug typical --relax --mt 2 -L xil_defaultlib -L unisims_ver -L unimacro_ver -L secureip --snapshot Basic_Memory_Design_Tb_behav xil_defaultlib.Basic_Memory_Design_Tb xil_defaultlib.glbl -log elaborate.log 
Using 2 slave threads.
Starting static elaboration
Completed static elaboration
INFO: [XSIM 43-4323] No Change in HDL. Linking previously generated obj files to create kernel
INFO: [USF-XSim-69] 'elaborate' step finished in '3' seconds
INFO: [USF-XSim-4] XSim::Simulate design
INFO: [USF-XSim-61] Executing 'SIMULATE' step in 'E:/FYP/FPGA_XILINX 2/Memory_Design/Basic_Memory_Design/Basic_Memory_Design.sim/sim_1/behav/xsim'
INFO: [USF-XSim-98] *** Running xsim
   with args "Basic_Memory_Design_Tb_behav -key {Behavioral:sim_1:Functional:Basic_Memory_Design_Tb} -tclbatch {Basic_Memory_Design_Tb.tcl} -log {simulate.log}"
INFO: [USF-XSim-8] Loading simulator feature
Vivado Simulator 2018.2
Time resolution is 1 ps
source Basic_Memory_Design_Tb.tcl
# set curr_wave [current_wave_config]
# if { [string length $curr_wave] == 0 } {
#   if { [llength [get_objects]] > 0} {
#     add_wave /
#     set_property needs_save false [current_wave_config]
#   } else {
#      send_msg_id Add_Wave-1 WARNING "No top level signals found. Simulator will start without a wave window. If you want to open a wave window go to 'File->New Waveform Configuration' or type 'create_wave_config' in the TCL console."
#   }
# }
# run 0.1ms
Address :  128, Data:  0
Address :  810, Data: 84
Address : 1000, Data:208
Address :  860, Data:184
Address :   72, Data:144
Address :   77, Data:154
Address :  863, Data:190
Address :  805, Data: 74
Address :  216, Data:176
Address :  184, Data:112
$finish called at time : 4126 ns : File "E:/FYP/FPGA_XILINX 2/Memory_Design/Basic_Memory_Design/Basic_Memory_Design.srcs/sim_1/new/Basic_Memory_Design_Tb.v" Line 29
INFO: [USF-XSim-96] XSim completed. Design snapshot 'Basic_Memory_Design_Tb_behav' loaded.
INFO: [USF-XSim-97] XSim simulation ran for 0.1ms
launch_simulation: Time (s): cpu = 00:00:04 ; elapsed = 00:00:09 . Memory (MB): peak = 930.832 ; gain = 22.227
close_sim
INFO: [Simtcl 6-16] Simulation closed
launch_simulation
INFO: [Vivado 12-5682] Launching behavioral simulation in 'E:/FYP/FPGA_XILINX 2/Memory_Design/Basic_Memory_Design/Basic_Memory_Design.sim/sim_1/behav/xsim'
INFO: [SIM-utils-51] Simulation object is 'sim_1'
INFO: [SIM-utils-54] Inspecting design source files for 'Basic_Memory_Design_Tb' in fileset 'sim_1'...
INFO: [USF-XSim-97] Finding global include files...
INFO: [USF-XSim-98] Fetching design files from 'sim_1'...
INFO: [USF-XSim-2] XSim::Compile design
INFO: [USF-XSim-61] Executing 'COMPILE and ANALYZE' step in 'E:/FYP/FPGA_XILINX 2/Memory_Design/Basic_Memory_Design/Basic_Memory_Design.sim/sim_1/behav/xsim'
"xvlog --incr --relax -prj Basic_Memory_Design_Tb_vlog.prj"
INFO: [VRFC 10-2263] Analyzing Verilog file "E:/FYP/FPGA_XILINX 2/Memory_Design/Basic_Memory_Design/Basic_Memory_Design.srcs/sources_1/new/Basic_Memory_Design.v" into library xil_defaultlib
INFO: [VRFC 10-311] analyzing module Basic_Memory_Design
INFO: [VRFC 10-2263] Analyzing Verilog file "E:/FYP/FPGA_XILINX 2/Memory_Design/Basic_Memory_Design/Basic_Memory_Design.srcs/sim_1/new/Basic_Memory_Design_Tb.v" into library xil_defaultlib
INFO: [VRFC 10-311] analyzing module Basic_Memory_Design_Tb
INFO: [USF-XSim-69] 'compile' step finished in '3' seconds
INFO: [USF-XSim-3] XSim::Elaborate design
INFO: [USF-XSim-61] Executing 'ELABORATE' step in 'E:/FYP/FPGA_XILINX 2/Memory_Design/Basic_Memory_Design/Basic_Memory_Design.sim/sim_1/behav/xsim'
Vivado Simulator 2018.2
Copyright 1986-1999, 2001-2018 Xilinx, Inc. All Rights Reserved.
Running: C:/Xilinx/Vivado/2018.2/bin/unwrapped/win64.o/xelab.exe -wto 7441e1b39cad48c484114d5d996522e0 --incr --debug typical --relax --mt 2 -L xil_defaultlib -L unisims_ver -L unimacro_ver -L secureip --snapshot Basic_Memory_Design_Tb_behav xil_defaultlib.Basic_Memory_Design_Tb xil_defaultlib.glbl -log elaborate.log 
Using 2 slave threads.
Starting static elaboration
Completed static elaboration
Starting simulation data flow analysis
WARNING: [XSIM 43-4100] "E:/FYP/FPGA_XILINX 2/Memory_Design/Basic_Memory_Design/Basic_Memory_Design.sim/sim_1/behav/xsim/glbl.v" Line 6. Module glbl has a timescale but at least one module in design doesn't have timescale.
Completed simulation data flow analysis
Time Resolution for simulation is 1ps
Compiling module xil_defaultlib.Basic_Memory_Design
Compiling module xil_defaultlib.Basic_Memory_Design_Tb
Compiling module xil_defaultlib.glbl
Built simulation snapshot Basic_Memory_Design_Tb_behav

****** Webtalk v2018.2 (64-bit)
  **** SW Build 2258646 on Thu Jun 14 20:03:12 MDT 2018
  **** IP Build 2256618 on Thu Jun 14 22:10:49 MDT 2018
    ** Copyright 1986-2018 Xilinx, Inc. All Rights Reserved.

source E:/FYP/FPGA_XILINX -notrace
couldn't read file "E:/FYP/FPGA_XILINX": permission denied
INFO: [Common 17-206] Exiting Webtalk at Tue Aug 15 11:18:30 2023...
INFO: [USF-XSim-69] 'elaborate' step finished in '5' seconds
INFO: [USF-XSim-4] XSim::Simulate design
INFO: [USF-XSim-61] Executing 'SIMULATE' step in 'E:/FYP/FPGA_XILINX 2/Memory_Design/Basic_Memory_Design/Basic_Memory_Design.sim/sim_1/behav/xsim'
INFO: [USF-XSim-98] *** Running xsim
   with args "Basic_Memory_Design_Tb_behav -key {Behavioral:sim_1:Functional:Basic_Memory_Design_Tb} -tclbatch {Basic_Memory_Design_Tb.tcl} -log {simulate.log}"
INFO: [USF-XSim-8] Loading simulator feature
Vivado Simulator 2018.2
Time resolution is 1 ps
source Basic_Memory_Design_Tb.tcl
# set curr_wave [current_wave_config]
# if { [string length $curr_wave] == 0 } {
#   if { [llength [get_objects]] > 0} {
#     add_wave /
#     set_property needs_save false [current_wave_config]
#   } else {
#      send_msg_id Add_Wave-1 WARNING "No top level signals found. Simulator will start without a wave window. If you want to open a wave window go to 'File->New Waveform Configuration' or type 'create_wave_config' in the TCL console."
#   }
# }
# run 0.1ms
Address :  128, Data:  0
Address :  810, Data: 84
Address : 1000, Data:208
Address :  860, Data:184
Address :   72, Data:144
Address :   77, Data:154
Address :  863, Data:190
Address :  805, Data: 74
Address :  216, Data:176
Address :  184, Data:112
$finish called at time : 2078 ns : File "E:/FYP/FPGA_XILINX 2/Memory_Design/Basic_Memory_Design/Basic_Memory_Design.srcs/sim_1/new/Basic_Memory_Design_Tb.v" Line 31
INFO: [USF-XSim-96] XSim completed. Design snapshot 'Basic_Memory_Design_Tb_behav' loaded.
INFO: [USF-XSim-97] XSim simulation ran for 0.1ms
launch_simulation: Time (s): cpu = 00:00:01 ; elapsed = 00:00:10 . Memory (MB): peak = 966.867 ; gain = 10.805
close_sim
INFO: [Simtcl 6-16] Simulation closed
close_sim: Time (s): cpu = 00:00:02 ; elapsed = 00:00:10 . Memory (MB): peak = 974.500 ; gain = 2.867
close_project
open_project {E:/FYP/FPGA_XILINX 2/NAND_Switch_Level/NAND_Switch_Level.xpr}
Scanning sources...
Finished scanning sources
INFO: [IP_Flow 19-234] Refreshing IP repositories
INFO: [IP_Flow 19-1704] No user IP repositories specified
INFO: [IP_Flow 19-2313] Loaded Vivado IP repository 'C:/Xilinx/Vivado/2018.2/data/ip'.
open_project: Time (s): cpu = 00:00:05 ; elapsed = 00:00:11 . Memory (MB): peak = 974.500 ; gain = 0.000
update_compile_order -fileset sources_1
exit
INFO: [Common 17-206] Exiting Vivado at Wed Aug 16 18:04:21 2023...
