--------------------------------------------------------------------------------
Release 10.1 Trace  (nt)
Copyright (c) 1995-2008 Xilinx, Inc.  All rights reserved.

D:\Xilinx\ISE\bin\nt\unwrapped\trce.exe -ise
E:/FYP/FPGA_XILINX 2/fourbitadder/fourbitadder.ise -intstyle ise -e 3 -s 4 -xml
fourbitadder fourbitadder.ncd -o fourbitadder.twr fourbitadder.pcf -ucf
fourbitadder.ucf

Design file:              fourbitadder.ncd
Physical constraint file: fourbitadder.pcf
Device,package,speed:     xc3s500e,fg320,-4 (PRODUCTION 1.27 2008-01-09)
Report level:             error report

Environment Variable      Effect 
--------------------      ------ 
NONE                      No environment variables were set
--------------------------------------------------------------------------------

INFO:Timing:2698 - No timing constraints found, doing default enumeration.
INFO:Timing:2752 - To get complete path coverage, use the unconstrained paths 
   option. All paths that are not constrained will be reported in the 
   unconstrained paths section(s) of the report.
INFO:Timing:3339 - The clock-to-out numbers in this timing report are based on 
   a 50 Ohm transmission line loading model.  For the details of this model, 
   and for more information on accounting for different loading conditions, 
   please see the device datasheet.



Data Sheet report:
-----------------
All values displayed in nanoseconds (ns)

Pad to Pad
---------------+---------------+---------+
Source Pad     |Destination Pad|  Delay  |
---------------+---------------+---------+
a<0>           |c5             |   11.850|
a<0>           |s<0>           |    8.029|
a<0>           |s<1>           |    8.580|
a<0>           |s<2>           |    9.368|
a<0>           |s<3>           |   10.898|
a<1>           |c5             |   10.638|
a<1>           |s<1>           |    7.488|
a<1>           |s<2>           |    8.156|
a<1>           |s<3>           |    9.686|
a<2>           |c5             |    8.812|
a<2>           |s<2>           |    6.923|
a<2>           |s<3>           |    7.860|
a<3>           |c5             |    7.679|
a<3>           |s<3>           |    6.548|
b<0>           |c5             |   11.046|
b<0>           |s<0>           |    7.432|
b<0>           |s<1>           |    7.776|
b<0>           |s<2>           |    8.564|
b<0>           |s<3>           |   10.094|
b<1>           |c5             |   10.093|
b<1>           |s<1>           |    6.754|
b<1>           |s<2>           |    7.611|
b<1>           |s<3>           |    9.141|
b<2>           |c5             |    9.000|
b<2>           |s<2>           |    7.236|
b<2>           |s<3>           |    8.048|
b<3>           |c5             |    8.519|
b<3>           |s<3>           |    7.555|
c1             |c5             |   10.706|
c1             |s<0>           |    7.037|
c1             |s<1>           |    7.436|
c1             |s<2>           |    8.224|
c1             |s<3>           |    9.754|
---------------+---------------+---------+


Analysis completed Sun Jun 23 21:07:39 2019 
--------------------------------------------------------------------------------

Trace Settings:
-------------------------
Trace Settings 

Peak Memory Usage: 115 MB



