17:26:45 INFO  : Registering command handlers for SDK TCF services
17:26:47 INFO  : Launching XSCT server: xsct.bat -interactive E:\FYP\Zybo\Zybo_Counter\Zybo_Counter\Zybo_Counter.sdk\temp_xsdb_launch_script.tcl
17:26:51 INFO  : XSCT server has started successfully.
17:26:51 INFO  : Successfully done setting XSCT server connection channel  
17:26:54 INFO  : Successfully done setting SDK workspace  
17:26:54 INFO  : Processing command line option -hwspec E:/FYP/Zybo/Zybo_Counter/Zybo_Counter/Zybo_Counter.sdk/Zybo_Counter_wrapper.hdf.
17:48:07 INFO  : Connected to target on host '127.0.0.1' and port '3121'.
17:48:07 INFO  : 'targets -set -filter {jtag_cable_name =~ "Digilent Zybo 210279772382A" && level==0} -index 1' command is executed.
17:48:08 INFO  : FPGA configured successfully with bitstream "E:/FYP/Zybo/Zybo_Counter/Zybo_Counter/Zybo_Counter.sdk/Zybo_Counter_wrapper_hw_platform_0/Zybo_Counter_wrapper.bit"
17:48:18 INFO  : 'targets -set -filter {jtag_cable_name =~ "Digilent Zybo 210279772382A" && level==0} -index 1' command is executed.
17:48:18 INFO  : 'fpga -state' command is executed.
17:48:18 INFO  : Connected to target on host '127.0.0.1' and port '3121'.
17:48:18 INFO  : Jtag cable 'Digilent Zybo 210279772382A' is selected.
17:48:18 INFO  : 'jtag frequency' command is executed.
17:48:18 INFO  : Sourcing of 'E:/FYP/Zybo/Zybo_Counter/Zybo_Counter/Zybo_Counter.sdk/Zybo_Counter_wrapper_hw_platform_0/ps7_init.tcl' is done.
17:48:18 INFO  : Context for 'APU' is selected.
17:48:18 INFO  : Hardware design information is loaded from 'E:/FYP/Zybo/Zybo_Counter/Zybo_Counter/Zybo_Counter.sdk/Zybo_Counter_wrapper_hw_platform_0/system.hdf'.
17:48:18 INFO  : 'configparams force-mem-access 1' command is executed.
17:48:19 INFO  : Context for 'APU' is selected.
17:48:19 INFO  : 'stop' command is executed.
17:48:19 INFO  : 'ps7_init' command is executed.
17:48:19 INFO  : 'ps7_post_config' command is executed.
17:48:19 INFO  : Context for processor 'ps7_cortexa9_0' is selected.
17:48:19 INFO  : Processor reset is completed for 'ps7_cortexa9_0'.
17:48:19 INFO  : Context for processor 'ps7_cortexa9_0' is selected.
17:48:19 INFO  : The application 'E:/FYP/Zybo/Zybo_Counter/Zybo_Counter/Zybo_Counter.sdk/Zybo_Counter/Debug/Zybo_Counter.elf' is downloaded to processor 'ps7_cortexa9_0'.
17:48:19 INFO  : 'configparams force-mem-access 0' command is executed.
17:48:19 INFO  : ----------------XSDB Script----------------
connect -url tcp:127.0.0.1:3121
source E:/FYP/Zybo/Zybo_Counter/Zybo_Counter/Zybo_Counter.sdk/Zybo_Counter_wrapper_hw_platform_0/ps7_init.tcl
targets -set -nocase -filter {name =~"APU*" && jtag_cable_name =~ "Digilent Zybo 210279772382A"} -index 0
loadhw -hw E:/FYP/Zybo/Zybo_Counter/Zybo_Counter/Zybo_Counter.sdk/Zybo_Counter_wrapper_hw_platform_0/system.hdf -mem-ranges [list {0x40000000 0xbfffffff}]
configparams force-mem-access 1
targets -set -nocase -filter {name =~"APU*" && jtag_cable_name =~ "Digilent Zybo 210279772382A"} -index 0
stop
ps7_init
ps7_post_config
targets -set -nocase -filter {name =~ "ARM*#0" && jtag_cable_name =~ "Digilent Zybo 210279772382A"} -index 0
rst -processor
targets -set -nocase -filter {name =~ "ARM*#0" && jtag_cable_name =~ "Digilent Zybo 210279772382A"} -index 0
dow E:/FYP/Zybo/Zybo_Counter/Zybo_Counter/Zybo_Counter.sdk/Zybo_Counter/Debug/Zybo_Counter.elf
configparams force-mem-access 0
----------------End of Script----------------

17:48:20 INFO  : Context for processor 'ps7_cortexa9_0' is selected.
17:48:20 INFO  : 'con' command is executed.
17:48:20 INFO  : ----------------XSDB Script (After Launch)----------------
targets -set -nocase -filter {name =~ "ARM*#0" && jtag_cable_name =~ "Digilent Zybo 210279772382A"} -index 0
con
----------------End of Script----------------

17:48:20 INFO  : Disconnected from the channel tcfchan#1.
17:50:04 INFO  : 'targets -set -filter {jtag_cable_name =~ "Digilent Zybo 210279772382A" && level==0} -index 1' command is executed.
17:50:04 INFO  : 'fpga -state' command is executed.
17:50:06 INFO  : Connected to target on host '127.0.0.1' and port '3121'.
17:50:07 INFO  : Jtag cable 'Digilent Zybo 210279772382A' is selected.
17:50:07 INFO  : 'jtag frequency' command is executed.
17:50:07 INFO  : Sourcing of 'E:/FYP/Zybo/Zybo_Counter/Zybo_Counter/Zybo_Counter.sdk/Zybo_Counter_wrapper_hw_platform_0/ps7_init.tcl' is done.
17:50:07 INFO  : Context for 'APU' is selected.
17:50:07 INFO  : Hardware design information is loaded from 'E:/FYP/Zybo/Zybo_Counter/Zybo_Counter/Zybo_Counter.sdk/Zybo_Counter_wrapper_hw_platform_0/system.hdf'.
17:50:07 INFO  : 'configparams force-mem-access 1' command is executed.
17:50:07 INFO  : Context for 'APU' is selected.
17:50:07 INFO  : 'stop' command is executed.
17:50:09 INFO  : 'ps7_init' command is executed.
17:50:09 INFO  : 'ps7_post_config' command is executed.
17:50:09 INFO  : Context for processor 'ps7_cortexa9_0' is selected.
17:50:10 INFO  : Processor reset is completed for 'ps7_cortexa9_0'.
17:50:10 INFO  : Context for processor 'ps7_cortexa9_0' is selected.
17:50:12 ERROR : Memory write error at 0x100000. APB AP transaction error, DAP status f0000021
17:50:12 INFO  : ----------------XSDB Script----------------
connect -url tcp:127.0.0.1:3121
source E:/FYP/Zybo/Zybo_Counter/Zybo_Counter/Zybo_Counter.sdk/Zybo_Counter_wrapper_hw_platform_0/ps7_init.tcl
targets -set -nocase -filter {name =~"APU*" && jtag_cable_name =~ "Digilent Zybo 210279772382A"} -index 0
loadhw -hw E:/FYP/Zybo/Zybo_Counter/Zybo_Counter/Zybo_Counter.sdk/Zybo_Counter_wrapper_hw_platform_0/system.hdf -mem-ranges [list {0x40000000 0xbfffffff}]
configparams force-mem-access 1
targets -set -nocase -filter {name =~"APU*" && jtag_cable_name =~ "Digilent Zybo 210279772382A"} -index 0
stop
ps7_init
ps7_post_config
targets -set -nocase -filter {name =~ "ARM*#0" && jtag_cable_name =~ "Digilent Zybo 210279772382A"} -index 0
rst -processor
targets -set -nocase -filter {name =~ "ARM*#0" && jtag_cable_name =~ "Digilent Zybo 210279772382A"} -index 0
dow E:/FYP/Zybo/Zybo_Counter/Zybo_Counter/Zybo_Counter.sdk/Zybo_Counter/Debug/Zybo_Counter.elf
----------------End of Script----------------

17:50:20 INFO  : Connected to target on host '127.0.0.1' and port '3121'.
17:50:20 INFO  : 'targets -set -filter {jtag_cable_name =~ "Digilent Zybo 210279772382A" && level==0} -index 1' command is executed.
17:50:23 ERROR : fpga configuration failed. DONE PIN is not HIGH
17:50:34 INFO  : Connected to target on host '127.0.0.1' and port '3121'.
17:50:34 INFO  : 'targets -set -filter {jtag_cable_name =~ "Digilent Zybo 210279772382A" && level==0} -index 1' command is executed.
17:50:37 ERROR : fpga configuration failed. DONE PIN is not HIGH
17:51:14 INFO  : Connected to target on host '127.0.0.1' and port '3121'.
17:51:14 INFO  : 'targets -set -filter {jtag_cable_name =~ "Digilent Zybo 210279772382A" && level==0} -index 1' command is executed.
17:51:16 INFO  : FPGA configured successfully with bitstream "E:/FYP/Zybo/Zybo_Counter/Zybo_Counter/Zybo_Counter.sdk/Zybo_Counter_wrapper_hw_platform_0/Zybo_Counter_wrapper.bit"
17:51:31 INFO  : 'targets -set -filter {jtag_cable_name =~ "Digilent Zybo 210279772382A" && level==0} -index 1' command is executed.
17:51:31 INFO  : 'fpga -state' command is executed.
17:51:59 INFO  : Connected to target on host '127.0.0.1' and port '3121'.
17:51:59 INFO  : 'targets -set -filter {jtag_cable_name =~ "Digilent Zybo 210279772382A" && level==0} -index 1' command is executed.
17:52:01 INFO  : FPGA configured successfully with bitstream "E:/FYP/Zybo/Zybo_Counter/Zybo_Counter/Zybo_Counter.sdk/Zybo_Counter_wrapper_hw_platform_0/Zybo_Counter_wrapper.bit"
17:52:08 INFO  : 'targets -set -filter {jtag_cable_name =~ "Digilent Zybo 210279772382A" && level==0} -index 1' command is executed.
17:52:08 INFO  : 'fpga -state' command is executed.
17:52:08 INFO  : Connected to target on host '127.0.0.1' and port '3121'.
17:52:08 INFO  : Jtag cable 'Digilent Zybo 210279772382A' is selected.
17:52:08 INFO  : 'jtag frequency' command is executed.
17:52:08 INFO  : Sourcing of 'E:/FYP/Zybo/Zybo_Counter/Zybo_Counter/Zybo_Counter.sdk/Zybo_Counter_wrapper_hw_platform_0/ps7_init.tcl' is done.
17:52:08 INFO  : Context for 'APU' is selected.
17:52:08 INFO  : Hardware design information is loaded from 'E:/FYP/Zybo/Zybo_Counter/Zybo_Counter/Zybo_Counter.sdk/Zybo_Counter_wrapper_hw_platform_0/system.hdf'.
17:52:08 INFO  : 'configparams force-mem-access 1' command is executed.
17:52:08 INFO  : Context for 'APU' is selected.
17:52:08 INFO  : 'stop' command is executed.
17:52:09 INFO  : 'ps7_init' command is executed.
17:52:09 INFO  : 'ps7_post_config' command is executed.
17:52:09 INFO  : Context for processor 'ps7_cortexa9_0' is selected.
17:52:09 INFO  : Processor reset is completed for 'ps7_cortexa9_0'.
17:52:09 INFO  : Context for processor 'ps7_cortexa9_0' is selected.
17:52:09 INFO  : The application 'E:/FYP/Zybo/Zybo_Counter/Zybo_Counter/Zybo_Counter.sdk/Zybo_Counter/Debug/Zybo_Counter.elf' is downloaded to processor 'ps7_cortexa9_0'.
17:52:09 INFO  : 'configparams force-mem-access 0' command is executed.
17:52:09 INFO  : ----------------XSDB Script----------------
connect -url tcp:127.0.0.1:3121
source E:/FYP/Zybo/Zybo_Counter/Zybo_Counter/Zybo_Counter.sdk/Zybo_Counter_wrapper_hw_platform_0/ps7_init.tcl
targets -set -nocase -filter {name =~"APU*" && jtag_cable_name =~ "Digilent Zybo 210279772382A"} -index 0
loadhw -hw E:/FYP/Zybo/Zybo_Counter/Zybo_Counter/Zybo_Counter.sdk/Zybo_Counter_wrapper_hw_platform_0/system.hdf -mem-ranges [list {0x40000000 0xbfffffff}]
configparams force-mem-access 1
targets -set -nocase -filter {name =~"APU*" && jtag_cable_name =~ "Digilent Zybo 210279772382A"} -index 0
stop
ps7_init
ps7_post_config
targets -set -nocase -filter {name =~ "ARM*#0" && jtag_cable_name =~ "Digilent Zybo 210279772382A"} -index 0
rst -processor
targets -set -nocase -filter {name =~ "ARM*#0" && jtag_cable_name =~ "Digilent Zybo 210279772382A"} -index 0
dow E:/FYP/Zybo/Zybo_Counter/Zybo_Counter/Zybo_Counter.sdk/Zybo_Counter/Debug/Zybo_Counter.elf
configparams force-mem-access 0
----------------End of Script----------------

17:52:09 INFO  : Context for processor 'ps7_cortexa9_0' is selected.
17:52:09 INFO  : 'con' command is executed.
17:52:09 INFO  : ----------------XSDB Script (After Launch)----------------
targets -set -nocase -filter {name =~ "ARM*#0" && jtag_cable_name =~ "Digilent Zybo 210279772382A"} -index 0
con
----------------End of Script----------------

17:52:09 INFO  : Disconnected from the channel tcfchan#2.
17:52:50 INFO  : Connected to target on host '127.0.0.1' and port '3121'.
17:52:50 INFO  : 'targets -set -filter {jtag_cable_name =~ "Digilent Zybo 210279772382A" && level==0} -index 1' command is executed.
17:52:52 INFO  : FPGA configured successfully with bitstream "E:/FYP/Zybo/Zybo_Counter/Zybo_Counter/Zybo_Counter.sdk/Zybo_Counter_wrapper_hw_platform_0/Zybo_Counter_wrapper.bit"
17:53:20 INFO  : Connected to target on host '127.0.0.1' and port '3121'.
17:53:21 INFO  : 'targets -set -filter {jtag_cable_name =~ "Digilent Zybo 210279772382A" && level==0} -index 1' command is executed.
17:53:22 INFO  : FPGA configured successfully with bitstream "E:/FYP/Zybo/Zybo_Counter/Zybo_Counter/Zybo_Counter.sdk/Zybo_Counter_wrapper_hw_platform_0/Zybo_Counter_wrapper.bit"
17:53:39 INFO  : 'targets -set -filter {jtag_cable_name =~ "Digilent Zybo 210279772382A" && level==0} -index 1' command is executed.
17:53:39 INFO  : 'fpga -state' command is executed.
17:53:39 INFO  : Connected to target on host '127.0.0.1' and port '3121'.
17:53:39 INFO  : Jtag cable 'Digilent Zybo 210279772382A' is selected.
17:53:39 INFO  : 'jtag frequency' command is executed.
17:53:39 INFO  : Sourcing of 'E:/FYP/Zybo/Zybo_Counter/Zybo_Counter/Zybo_Counter.sdk/Zybo_Counter_wrapper_hw_platform_0/ps7_init.tcl' is done.
17:53:39 INFO  : Context for 'APU' is selected.
17:53:39 INFO  : Hardware design information is loaded from 'E:/FYP/Zybo/Zybo_Counter/Zybo_Counter/Zybo_Counter.sdk/Zybo_Counter_wrapper_hw_platform_0/system.hdf'.
17:53:39 INFO  : 'configparams force-mem-access 1' command is executed.
17:53:39 INFO  : Context for 'APU' is selected.
17:53:39 INFO  : 'stop' command is executed.
17:53:39 INFO  : 'ps7_init' command is executed.
17:53:39 INFO  : 'ps7_post_config' command is executed.
17:53:39 INFO  : Context for processor 'ps7_cortexa9_0' is selected.
17:53:39 INFO  : Processor reset is completed for 'ps7_cortexa9_0'.
17:53:39 INFO  : Context for processor 'ps7_cortexa9_0' is selected.
17:53:40 INFO  : The application 'E:/FYP/Zybo/Zybo_Counter/Zybo_Counter/Zybo_Counter.sdk/Zybo_Counter/Debug/Zybo_Counter.elf' is downloaded to processor 'ps7_cortexa9_0'.
17:53:40 INFO  : 'configparams force-mem-access 0' command is executed.
17:53:40 INFO  : ----------------XSDB Script----------------
connect -url tcp:127.0.0.1:3121
source E:/FYP/Zybo/Zybo_Counter/Zybo_Counter/Zybo_Counter.sdk/Zybo_Counter_wrapper_hw_platform_0/ps7_init.tcl
targets -set -nocase -filter {name =~"APU*" && jtag_cable_name =~ "Digilent Zybo 210279772382A"} -index 0
loadhw -hw E:/FYP/Zybo/Zybo_Counter/Zybo_Counter/Zybo_Counter.sdk/Zybo_Counter_wrapper_hw_platform_0/system.hdf -mem-ranges [list {0x40000000 0xbfffffff}]
configparams force-mem-access 1
targets -set -nocase -filter {name =~"APU*" && jtag_cable_name =~ "Digilent Zybo 210279772382A"} -index 0
stop
ps7_init
ps7_post_config
targets -set -nocase -filter {name =~ "ARM*#0" && jtag_cable_name =~ "Digilent Zybo 210279772382A"} -index 0
rst -processor
targets -set -nocase -filter {name =~ "ARM*#0" && jtag_cable_name =~ "Digilent Zybo 210279772382A"} -index 0
dow E:/FYP/Zybo/Zybo_Counter/Zybo_Counter/Zybo_Counter.sdk/Zybo_Counter/Debug/Zybo_Counter.elf
configparams force-mem-access 0
----------------End of Script----------------

17:53:40 INFO  : Context for processor 'ps7_cortexa9_0' is selected.
17:53:40 INFO  : 'con' command is executed.
17:53:40 INFO  : ----------------XSDB Script (After Launch)----------------
targets -set -nocase -filter {name =~ "ARM*#0" && jtag_cable_name =~ "Digilent Zybo 210279772382A"} -index 0
con
----------------End of Script----------------

17:53:40 INFO  : Disconnected from the channel tcfchan#3.
17:56:58 INFO  : Connected to target on host '127.0.0.1' and port '3121'.
17:56:59 INFO  : 'targets -set -filter {jtag_cable_name =~ "Digilent Zybo 210279772382A" && level==0} -index 1' command is executed.
17:57:00 INFO  : FPGA configured successfully with bitstream "E:/FYP/Zybo/Zybo_Counter/Zybo_Counter/Zybo_Counter.sdk/Zybo_Counter_wrapper_hw_platform_0/Zybo_Counter_wrapper.bit"
17:57:13 INFO  : 'targets -set -filter {jtag_cable_name =~ "Digilent Zybo 210279772382A" && level==0} -index 1' command is executed.
17:57:13 INFO  : 'fpga -state' command is executed.
17:57:13 INFO  : Connected to target on host '127.0.0.1' and port '3121'.
17:57:13 INFO  : Jtag cable 'Digilent Zybo 210279772382A' is selected.
17:57:13 INFO  : 'jtag frequency' command is executed.
17:57:13 INFO  : Sourcing of 'E:/FYP/Zybo/Zybo_Counter/Zybo_Counter/Zybo_Counter.sdk/Zybo_Counter_wrapper_hw_platform_0/ps7_init.tcl' is done.
17:57:13 INFO  : Context for 'APU' is selected.
17:57:13 INFO  : Hardware design information is loaded from 'E:/FYP/Zybo/Zybo_Counter/Zybo_Counter/Zybo_Counter.sdk/Zybo_Counter_wrapper_hw_platform_0/system.hdf'.
17:57:13 INFO  : 'configparams force-mem-access 1' command is executed.
17:57:13 INFO  : Context for 'APU' is selected.
17:57:13 INFO  : 'stop' command is executed.
17:57:13 INFO  : 'ps7_init' command is executed.
17:57:13 INFO  : 'ps7_post_config' command is executed.
17:57:13 INFO  : Context for processor 'ps7_cortexa9_0' is selected.
17:57:14 INFO  : Processor reset is completed for 'ps7_cortexa9_0'.
17:57:14 INFO  : Context for processor 'ps7_cortexa9_0' is selected.
17:57:14 INFO  : The application 'E:/FYP/Zybo/Zybo_Counter/Zybo_Counter/Zybo_Counter.sdk/Zybo_Counter/Debug/Zybo_Counter.elf' is downloaded to processor 'ps7_cortexa9_0'.
17:57:14 INFO  : 'configparams force-mem-access 0' command is executed.
17:57:14 INFO  : ----------------XSDB Script----------------
connect -url tcp:127.0.0.1:3121
source E:/FYP/Zybo/Zybo_Counter/Zybo_Counter/Zybo_Counter.sdk/Zybo_Counter_wrapper_hw_platform_0/ps7_init.tcl
targets -set -nocase -filter {name =~"APU*" && jtag_cable_name =~ "Digilent Zybo 210279772382A"} -index 0
loadhw -hw E:/FYP/Zybo/Zybo_Counter/Zybo_Counter/Zybo_Counter.sdk/Zybo_Counter_wrapper_hw_platform_0/system.hdf -mem-ranges [list {0x40000000 0xbfffffff}]
configparams force-mem-access 1
targets -set -nocase -filter {name =~"APU*" && jtag_cable_name =~ "Digilent Zybo 210279772382A"} -index 0
stop
ps7_init
ps7_post_config
targets -set -nocase -filter {name =~ "ARM*#0" && jtag_cable_name =~ "Digilent Zybo 210279772382A"} -index 0
rst -processor
targets -set -nocase -filter {name =~ "ARM*#0" && jtag_cable_name =~ "Digilent Zybo 210279772382A"} -index 0
dow E:/FYP/Zybo/Zybo_Counter/Zybo_Counter/Zybo_Counter.sdk/Zybo_Counter/Debug/Zybo_Counter.elf
configparams force-mem-access 0
----------------End of Script----------------

17:57:14 INFO  : Memory regions updated for context APU
17:57:14 INFO  : Context for processor 'ps7_cortexa9_0' is selected.
17:57:14 INFO  : 'con' command is executed.
17:57:14 INFO  : ----------------XSDB Script (After Launch)----------------
targets -set -nocase -filter {name =~ "ARM*#0" && jtag_cable_name =~ "Digilent Zybo 210279772382A"} -index 0
con
----------------End of Script----------------

17:57:14 INFO  : Launch script is exported to file 'E:\FYP\Zybo\Zybo_Counter\Zybo_Counter\Zybo_Counter.sdk\.sdk\launch_scripts\xilinx_c-c++_application_(system_debugger)\system_debugger_using_debug_zybo_counter.elf_on_local.tcl'
18:07:33 INFO  : Disconnected from the channel tcfchan#4.
