#-----------------------------------------------------------
# Vivado v2018.2 (64-bit)
# SW Build 2258646 on Thu Jun 14 20:03:12 MDT 2018
# IP Build 2256618 on Thu Jun 14 22:10:49 MDT 2018
# Start of session at: Tue Jan  2 09:19:27 2024
# Process ID: 13112
# Current directory: E:/FYP/Zybo/Zynq_First_Example_LED_Using_Switch/Led_Switch_Buttons
# Command line: vivado.exe -gui_launcher_event rodinguilauncherevent11720 E:\FYP\Zybo\Zynq_First_Example_LED_Using_Switch\Led_Switch_Buttons\Led_Switch_Buttons.xpr
# Log file: E:/FYP/Zybo/Zynq_First_Example_LED_Using_Switch/Led_Switch_Buttons/vivado.log
# Journal file: E:/FYP/Zybo/Zynq_First_Example_LED_Using_Switch/Led_Switch_Buttons\vivado.jou
#-----------------------------------------------------------
start_gui
open_project E:/FYP/Zybo/Zynq_First_Example_LED_Using_Switch/Led_Switch_Buttons/Led_Switch_Buttons.xpr
Scanning sources...
Finished scanning sources
INFO: [IP_Flow 19-234] Refreshing IP repositories
INFO: [IP_Flow 19-1704] No user IP repositories specified
INFO: [IP_Flow 19-2313] Loaded Vivado IP repository 'C:/Xilinx/Vivado/2018.2/data/ip'.
open_project: Time (s): cpu = 00:00:11 ; elapsed = 00:00:14 . Memory (MB): peak = 934.320 ; gain = 183.543
update_compile_order -fileset sources_1
launch_sdk -workspace E:/FYP/Zybo/Zynq_First_Example_LED_Using_Switch/Led_Switch_Buttons/Led_Switch_Buttons.sdk -hwspec E:/FYP/Zybo/Zynq_First_Example_LED_Using_Switch/Led_Switch_Buttons/Led_Switch_Buttons.sdk/Led_Switch_Buttons_wrapper.hdf
INFO: [Vivado 12-393] Launching SDK...
INFO: [Vivado 12-417] Running xsdk -workspace E:/FYP/Zybo/Zynq_First_Example_LED_Using_Switch/Led_Switch_Buttons/Led_Switch_Buttons.sdk -hwspec E:/FYP/Zybo/Zynq_First_Example_LED_Using_Switch/Led_Switch_Buttons/Led_Switch_Buttons.sdk/Led_Switch_Buttons_wrapper.hdf
INFO: [Vivado 12-3157] SDK launch initiated. Please check console for any further messages.
exit
INFO: [Common 17-206] Exiting Vivado at Tue Jan  2 14:21:30 2024...
