#-----------------------------------------------------------
# Vivado v2018.2 (64-bit)
# SW Build 2258646 on Thu Jun 14 20:03:12 MDT 2018
# IP Build 2256618 on Thu Jun 14 22:10:49 MDT 2018
# Start of session at: Wed Mar  6 11:48:50 2024
# Process ID: 10700
# Current directory: E:/FYP/FPGA_XILINX 2/Read_File_In_Verilog
# Command line: vivado.exe -gui_launcher_event rodinguilauncherevent6640 E:\FYP\FPGA_XILINX 2\Read_File_In_Verilog\Read_File_In_Verilog.xpr
# Log file: E:/FYP/FPGA_XILINX 2/Read_File_In_Verilog/vivado.log
# Journal file: E:/FYP/FPGA_XILINX 2/Read_File_In_Verilog\vivado.jou
#-----------------------------------------------------------
start_gui
open_project {E:/FYP/FPGA_XILINX 2/Read_File_In_Verilog/Read_File_In_Verilog.xpr}
Scanning sources...
Finished scanning sources
INFO: [IP_Flow 19-234] Refreshing IP repositories
INFO: [IP_Flow 19-1704] No user IP repositories specified
INFO: [IP_Flow 19-2313] Loaded Vivado IP repository 'C:/Xilinx/Vivado/2018.2/data/ip'.
open_project: Time (s): cpu = 00:00:12 ; elapsed = 00:00:17 . Memory (MB): peak = 830.020 ; gain = 106.836
update_compile_order -fileset sources_1
exit
INFO: [Common 17-206] Exiting Vivado at Wed Mar  6 12:15:52 2024...
