--------------------------------------------------------------------------------
Release 10.1 Trace  (nt)
Copyright (c) 1995-2008 Xilinx, Inc.  All rights reserved.

D:\Xilinx\ISE\bin\nt\unwrapped\trce.exe -ise
C:/Users/Asad/Desktop/counterwithclock/counterwithclock.ise -intstyle ise -e 3
-s 4 -xml counterwithclock counterwithclock.ncd -o counterwithclock.twr
counterwithclock.pcf -ucf counterwithclock.ucf

Design file:              counterwithclock.ncd
Physical constraint file: counterwithclock.pcf
Device,package,speed:     xc3s500e,fg320,-4 (PRODUCTION 1.27 2008-01-09)
Report level:             error report

Environment Variable      Effect 
--------------------      ------ 
NONE                      No environment variables were set
--------------------------------------------------------------------------------

INFO:Timing:2698 - No timing constraints found, doing default enumeration.
INFO:Timing:2752 - To get complete path coverage, use the unconstrained paths 
   option. All paths that are not constrained will be reported in the 
   unconstrained paths section(s) of the report.
INFO:Timing:3339 - The clock-to-out numbers in this timing report are based on 
   a 50 Ohm transmission line loading model.  For the details of this model, 
   and for more information on accounting for different loading conditions, 
   please see the device datasheet.



Data Sheet report:
-----------------
All values displayed in nanoseconds (ns)

Clock clk to Pad
------------+------------+------------------+--------+
            | clk (edge) |                  | Clock  |
Destination |   to PAD   |Internal Clock(s) | Phase  |
------------+------------+------------------+--------+
y<0>        |   11.852(R)|clk_BUFGP         |   0.000|
y<1>        |   11.859(R)|clk_BUFGP         |   0.000|
y<2>        |   11.231(R)|clk_BUFGP         |   0.000|
y<3>        |   11.391(R)|clk_BUFGP         |   0.000|
y<4>        |   11.256(R)|clk_BUFGP         |   0.000|
y<5>        |   12.178(R)|clk_BUFGP         |   0.000|
y<6>        |   11.803(R)|clk_BUFGP         |   0.000|
------------+------------+------------------+--------+

Clock to Setup on destination clock clk
---------------+---------+---------+---------+---------+
               | Src:Rise| Src:Fall| Src:Rise| Src:Fall|
Source Clock   |Dest:Rise|Dest:Rise|Dest:Fall|Dest:Fall|
---------------+---------+---------+---------+---------+
clk            |    2.647|         |         |         |
---------------+---------+---------+---------+---------+


Analysis completed Fri Jun 28 10:00:31 2019 
--------------------------------------------------------------------------------

Trace Settings:
-------------------------
Trace Settings 

Peak Memory Usage: 115 MB



