#-----------------------------------------------------------
# Vivado v2018.2 (64-bit)
# SW Build 2258646 on Thu Jun 14 20:03:12 MDT 2018
# IP Build 2256618 on Thu Jun 14 22:10:49 MDT 2018
# Start of session at: Thu Aug 31 09:36:58 2023
# Process ID: 18056
# Current directory: E:/FYP/FPGA_XILINX 2/Mealy_Example_3_Way_Process
# Command line: vivado.exe -gui_launcher_event rodinguilauncherevent9608 E:\FYP\FPGA_XILINX 2\Mealy_Example_3_Way_Process\Mealy_Example_3_Way_Process.xpr
# Log file: E:/FYP/FPGA_XILINX 2/Mealy_Example_3_Way_Process/vivado.log
# Journal file: E:/FYP/FPGA_XILINX 2/Mealy_Example_3_Way_Process\vivado.jou
#-----------------------------------------------------------
start_gui
open_project {E:/FYP/FPGA_XILINX 2/Mealy_Example_3_Way_Process/Mealy_Example_3_Way_Process.xpr}
Scanning sources...
Finished scanning sources
INFO: [IP_Flow 19-234] Refreshing IP repositories
INFO: [IP_Flow 19-1704] No user IP repositories specified
INFO: [IP_Flow 19-2313] Loaded Vivado IP repository 'C:/Xilinx/Vivado/2018.2/data/ip'.
open_project: Time (s): cpu = 00:00:20 ; elapsed = 00:00:28 . Memory (MB): peak = 900.098 ; gain = 164.203
update_compile_order -fileset sources_1
exit
INFO: [Common 17-206] Exiting Vivado at Thu Aug 31 09:39:56 2023...
