#-----------------------------------------------------------
# Vivado v2018.2 (64-bit)
# SW Build 2258646 on Thu Jun 14 20:03:12 MDT 2018
# IP Build 2256618 on Thu Jun 14 22:10:49 MDT 2018
# Start of session at: Mon Aug 21 22:54:47 2023
# Process ID: 1384
# Current directory: E:/FYP/FPGA_XILINX 2/Mealy_Example_3_Way_Process
# Command line: vivado.exe -gui_launcher_event rodinguilauncherevent16308 E:\FYP\FPGA_XILINX 2\Mealy_Example_3_Way_Process\Mealy_Example_3_Way_Process.xpr
# Log file: E:/FYP/FPGA_XILINX 2/Mealy_Example_3_Way_Process/vivado.log
# Journal file: E:/FYP/FPGA_XILINX 2/Mealy_Example_3_Way_Process\vivado.jou
#-----------------------------------------------------------
start_gui
open_project {E:/FYP/FPGA_XILINX 2/Mealy_Example_3_Way_Process/Mealy_Example_3_Way_Process.xpr}
Scanning sources...
Finished scanning sources
INFO: [IP_Flow 19-234] Refreshing IP repositories
INFO: [IP_Flow 19-1704] No user IP repositories specified
INFO: [IP_Flow 19-2313] Loaded Vivado IP repository 'C:/Xilinx/Vivado/2018.2/data/ip'.
open_project: Time (s): cpu = 00:00:04 ; elapsed = 00:00:06 . Memory (MB): peak = 884.801 ; gain = 136.938
update_compile_order -fileset sources_1
launch_simulation
INFO: [Vivado 12-5682] Launching behavioral simulation in 'E:/FYP/FPGA_XILINX 2/Mealy_Example_3_Way_Process/Mealy_Example_3_Way_Process.sim/sim_1/behav/xsim'
INFO: [SIM-utils-51] Simulation object is 'sim_1'
INFO: [SIM-utils-54] Inspecting design source files for 'Mealy_Example_3_Way_process_Tb' in fileset 'sim_1'...
INFO: [USF-XSim-97] Finding global include files...
INFO: [USF-XSim-98] Fetching design files from 'sim_1'...
INFO: [USF-XSim-2] XSim::Compile design
INFO: [USF-XSim-61] Executing 'COMPILE and ANALYZE' step in 'E:/FYP/FPGA_XILINX 2/Mealy_Example_3_Way_Process/Mealy_Example_3_Way_Process.sim/sim_1/behav/xsim'
"xvlog --incr --relax -prj Mealy_Example_3_Way_process_Tb_vlog.prj"
INFO: [VRFC 10-2263] Analyzing Verilog file "E:/FYP/FPGA_XILINX 2/Mealy_Example_3_Way_Process/Mealy_Example_3_Way_Process.srcs/sources_1/new/Mealy_Example.v" into library xil_defaultlib
INFO: [VRFC 10-311] analyzing module Mealy_Example
INFO: [VRFC 10-2263] Analyzing Verilog file "E:/FYP/FPGA_XILINX 2/Mealy_Example_3_Way_Process/Mealy_Example_3_Way_Process.srcs/sim_1/new/Mealy_Example_3_Way_process_Tb.v" into library xil_defaultlib
INFO: [VRFC 10-311] analyzing module Mealy_Example_3_Way_process_Tb
INFO: [USF-XSim-69] 'compile' step finished in '1' seconds
INFO: [USF-XSim-3] XSim::Elaborate design
INFO: [USF-XSim-61] Executing 'ELABORATE' step in 'E:/FYP/FPGA_XILINX 2/Mealy_Example_3_Way_Process/Mealy_Example_3_Way_Process.sim/sim_1/behav/xsim'
Vivado Simulator 2018.2
Copyright 1986-1999, 2001-2018 Xilinx, Inc. All Rights Reserved.
Running: C:/Xilinx/Vivado/2018.2/bin/unwrapped/win64.o/xelab.exe -wto 89aa0835e44c44c0bf575c68ac0ee629 --incr --debug typical --relax --mt 2 -L xil_defaultlib -L unisims_ver -L unimacro_ver -L secureip --snapshot Mealy_Example_3_Way_process_Tb_behav xil_defaultlib.Mealy_Example_3_Way_process_Tb xil_defaultlib.glbl -log elaborate.log 
Using 2 slave threads.
Starting static elaboration
Completed static elaboration
Starting simulation data flow analysis
Completed simulation data flow analysis
Time Resolution for simulation is 1ps
Compiling module xil_defaultlib.Mealy_Example
Compiling module xil_defaultlib.Mealy_Example_3_Way_process_Tb
Compiling module xil_defaultlib.glbl
Built simulation snapshot Mealy_Example_3_Way_process_Tb_behav
INFO: [USF-XSim-69] 'elaborate' step finished in '1' seconds
INFO: [USF-XSim-4] XSim::Simulate design
INFO: [USF-XSim-61] Executing 'SIMULATE' step in 'E:/FYP/FPGA_XILINX 2/Mealy_Example_3_Way_Process/Mealy_Example_3_Way_Process.sim/sim_1/behav/xsim'
INFO: [USF-XSim-98] *** Running xsim
   with args "Mealy_Example_3_Way_process_Tb_behav -key {Behavioral:sim_1:Functional:Mealy_Example_3_Way_process_Tb} -tclbatch {Mealy_Example_3_Way_process_Tb.tcl} -log {simulate.log}"
INFO: [USF-XSim-8] Loading simulator feature
Vivado Simulator 2018.2
Time resolution is 1 ps
source Mealy_Example_3_Way_process_Tb.tcl
# set curr_wave [current_wave_config]
# if { [string length $curr_wave] == 0 } {
#   if { [llength [get_objects]] > 0} {
#     add_wave /
#     set_property needs_save false [current_wave_config]
#   } else {
#      send_msg_id Add_Wave-1 WARNING "No top level signals found. Simulator will start without a wave window. If you want to open a wave window go to 'File->New Waveform Configuration' or type 'create_wave_config' in the TCL console."
#   }
# }
# run 1000ns
$finish called at time : 28 ns : File "E:/FYP/FPGA_XILINX 2/Mealy_Example_3_Way_Process/Mealy_Example_3_Way_Process.srcs/sim_1/new/Mealy_Example_3_Way_process_Tb.v" Line 52
INFO: [USF-XSim-96] XSim completed. Design snapshot 'Mealy_Example_3_Way_process_Tb_behav' loaded.
INFO: [USF-XSim-97] XSim simulation ran for 1000ns
launch_simulation: Time (s): cpu = 00:00:01 ; elapsed = 00:00:05 . Memory (MB): peak = 907.121 ; gain = 1.980
close_sim
INFO: [Simtcl 6-16] Simulation closed
close_project
exit
INFO: [Common 17-206] Exiting Vivado at Mon Aug 21 22:55:54 2023...
